========================================================================
probe_fake_globals.py
Testing FAKE globals with modified sentinel bytes
========================================================================

--- PHASE 1: Verify fake global construction ---
  Build λa.λb. a([N, 255]) from scratch and test if VM dispatches

  Testing fake g(42) = λa.λb. a([42, 255]):
  [EMPTY               ] fake_g42(nil)(QD)
  Testing fake g(14) = λa.λb. a([14, 255]):
  [EMPTY               ] fake_g14(nil)(QD)
  Testing fake g(8) = λa.λb. a([8, 255]):
  [EMPTY               ] fake_g8(nil)(QD)
  Testing fake g(201) = λa.λb. a([201, 255]):
  [EMPTY               ] fake_g201(nil)(QD)

--- PHASE 2: Sentinel fuzzing — λa.λb. a([8, X]) for X=0..254 ---
  If any X != 255 changes the behavior, we found the bypass!

  [EMPTY               ] fake_g8_sentinel_0(nil)(QD)
  [EMPTY               ] fake_g8_sentinel_1(nil)(QD)
  [EMPTY               ] fake_g8_sentinel_2(nil)(QD)
  [EMPTY               ] fake_g8_sentinel_3(nil)(QD)
  [EMPTY               ] fake_g8_sentinel_4(nil)(QD)
  [EMPTY               ] fake_g8_sentinel_5(nil)(QD)
  [EMPTY               ] fake_g8_sentinel_6(nil)(QD)
  [EMPTY               ] fake_g8_sentinel_7(nil)(QD)
  [EMPTY               ] fake_g8_sentinel_8(nil)(QD)
  [EMPTY               ] fake_g8_sentinel_9(nil)(QD)
  [EMPTY               ] fake_g8_sentinel_10(nil)(QD)
  [EMPTY               ] fake_g8_sentinel_11(nil)(QD)
  [EMPTY               ] fake_g8_sentinel_12(nil)(QD)
  [EMPTY               ] fake_g8_sentinel_13(nil)(QD)
  [EMPTY               ] fake_g8_sentinel_14(nil)(QD)
  [EMPTY               ] fake_g8_sentinel_15(nil)(QD)
  [EMPTY               ] fake_g8_sentinel_16(nil)(QD)
  [EMPTY               ] fake_g8_sentinel_17(nil)(QD)
  [EMPTY               ] fake_g8_sentinel_18(nil)(QD)
  [EMPTY               ] fake_g8_sentinel_19(nil)(QD)
  [EMPTY               ] fake_g8_sentinel_20(nil)(QD)
  [EMPTY               ] fake_g8_sentinel_21(nil)(QD)
  [EMPTY               ] fake_g8_sentinel_22(nil)(QD)
  [EMPTY               ] fake_g8_sentinel_23(nil)(QD)
  [EMPTY               ] fake_g8_sentinel_24(nil)(QD)
  [EMPTY               ] fake_g8_sentinel_25(nil)(QD)
  [EMPTY               ] fake_g8_sentinel_26(nil)(QD)
  [EMPTY               ] fake_g8_sentinel_27(nil)(QD)
  [EMPTY               ] fake_g8_sentinel_28(nil)(QD)
  [EMPTY               ] fake_g8_sentinel_29(nil)(QD)
  [EMPTY               ] fake_g8_sentinel_30(nil)(QD)
  [EMPTY               ] fake_g8_sentinel_31(nil)(QD)
  [EMPTY               ] fake_g8_sentinel_32(nil)(QD)
  [EMPTY               ] fake_g8_sentinel_33(nil)(QD)
  [EMPTY               ] fake_g8_sentinel_34(nil)(QD)
  [EMPTY               ] fake_g8_sentinel_35(nil)(QD)
  [EMPTY               ] fake_g8_sentinel_36(nil)(QD)
  [EMPTY               ] fake_g8_sentinel_37(nil)(QD)
  [EMPTY               ] fake_g8_sentinel_38(nil)(QD)
  [EMPTY               ] fake_g8_sentinel_39(nil)(QD)
  [EMPTY               ] fake_g8_sentinel_40(nil)(QD)
  [EMPTY               ] fake_g8_sentinel_41(nil)(QD)
  [EMPTY               ] fake_g8_sentinel_42(nil)(QD)
  [EMPTY               ] fake_g8_sentinel_43(nil)(QD)
  [EMPTY               ] fake_g8_sentinel_44(nil)(QD)
  [EMPTY               ] fake_g8_sentinel_45(nil)(QD)
  [EMPTY               ] fake_g8_sentinel_46(nil)(QD)
  [EMPTY               ] fake_g8_sentinel_47(nil)(QD)
  [EMPTY               ] fake_g8_sentinel_48(nil)(QD)
  [EMPTY               ] fake_g8_sentinel_49(nil)(QD)
  [EMPTY               ] fake_g8_sentinel_50(nil)(QD)
  [EMPTY               ] fake_g8_sentinel_51(nil)(QD)
  [EMPTY               ] fake_g8_sentinel_52(nil)(QD)
  [EMPTY               ] fake_g8_sentinel_53(nil)(QD)
  [EMPTY               ] fake_g8_sentinel_54(nil)(QD)
  [EMPTY               ] fake_g8_sentinel_55(nil)(QD)
  [EMPTY               ] fake_g8_sentinel_56(nil)(QD)
  [EMPTY               ] fake_g8_sentinel_57(nil)(QD)
  [EMPTY               ] fake_g8_sentinel_58(nil)(QD)
  [EMPTY               ] fake_g8_sentinel_59(nil)(QD)
  [EMPTY               ] fake_g8_sentinel_60(nil)(QD)
  [EMPTY               ] fake_g8_sentinel_61(nil)(QD)
  [EMPTY               ] fake_g8_sentinel_62(nil)(QD)
  [EMPTY               ] fake_g8_sentinel_63(nil)(QD)
  [EMPTY               ] fake_g8_sentinel_64(nil)(QD)
  [EMPTY               ] fake_g8_sentinel_65(nil)(QD)
  [EMPTY               ] fake_g8_sentinel_66(nil)(QD)
  [EMPTY               ] fake_g8_sentinel_67(nil)(QD)
  [EMPTY               ] fake_g8_sentinel_68(nil)(QD)
  [EMPTY               ] fake_g8_sentinel_69(nil)(QD)
  [EMPTY               ] fake_g8_sentinel_70(nil)(QD)
  [EMPTY               ] fake_g8_sentinel_71(nil)(QD)
  [EMPTY               ] fake_g8_sentinel_72(nil)(QD)
  [EMPTY               ] fake_g8_sentinel_73(nil)(QD)
  [EMPTY               ] fake_g8_sentinel_74(nil)(QD)
  [EMPTY               ] fake_g8_sentinel_75(nil)(QD)
  [EMPTY               ] fake_g8_sentinel_76(nil)(QD)
  [EMPTY               ] fake_g8_sentinel_77(nil)(QD)
  [EMPTY               ] fake_g8_sentinel_78(nil)(QD)
  [EMPTY               ] fake_g8_sentinel_79(nil)(QD)
  [EMPTY               ] fake_g8_sentinel_80(nil)(QD)
  [EMPTY               ] fake_g8_sentinel_81(nil)(QD)
  [EMPTY               ] fake_g8_sentinel_82(nil)(QD)
  [EMPTY               ] fake_g8_sentinel_83(nil)(QD)
  [EMPTY               ] fake_g8_sentinel_84(nil)(QD)
  [EMPTY               ] fake_g8_sentinel_85(nil)(QD)
  [EMPTY               ] fake_g8_sentinel_86(nil)(QD)
  [EMPTY               ] fake_g8_sentinel_87(nil)(QD)
  [EMPTY               ] fake_g8_sentinel_88(nil)(QD)
  [EMPTY               ] fake_g8_sentinel_89(nil)(QD)
  [EMPTY               ] fake_g8_sentinel_90(nil)(QD)
  [EMPTY               ] fake_g8_sentinel_91(nil)(QD)
  [EMPTY               ] fake_g8_sentinel_92(nil)(QD)
  [EMPTY               ] fake_g8_sentinel_93(nil)(QD)
  [EMPTY               ] fake_g8_sentinel_94(nil)(QD)
  [EMPTY               ] fake_g8_sentinel_95(nil)(QD)
  [EMPTY               ] fake_g8_sentinel_96(nil)(QD)
  [EMPTY               ] fake_g8_sentinel_97(nil)(QD)
  [EMPTY               ] fake_g8_sentinel_98(nil)(QD)
  [EMPTY               ] fake_g8_sentinel_99(nil)(QD)
  [EMPTY               ] fake_g8_sentinel_100(nil)(QD)
  [EMPTY               ] fake_g8_sentinel_101(nil)(QD)
  [EMPTY               ] fake_g8_sentinel_102(nil)(QD)
  [EMPTY               ] fake_g8_sentinel_103(nil)(QD)
  [EMPTY               ] fake_g8_sentinel_104(nil)(QD)
  [EMPTY               ] fake_g8_sentinel_105(nil)(QD)
  [EMPTY               ] fake_g8_sentinel_106(nil)(QD)
  [EMPTY               ] fake_g8_sentinel_107(nil)(QD)
  [EMPTY               ] fake_g8_sentinel_108(nil)(QD)
  [EMPTY               ] fake_g8_sentinel_109(nil)(QD)
  [EMPTY               ] fake_g8_sentinel_110(nil)(QD)
  [EMPTY               ] fake_g8_sentinel_111(nil)(QD)
  [EMPTY               ] fake_g8_sentinel_112(nil)(QD)
  [EMPTY               ] fake_g8_sentinel_113(nil)(QD)
  [EMPTY               ] fake_g8_sentinel_114(nil)(QD)
  [EMPTY               ] fake_g8_sentinel_115(nil)(QD)
  [EMPTY               ] fake_g8_sentinel_116(nil)(QD)
  [EMPTY               ] fake_g8_sentinel_117(nil)(QD)
  [EMPTY               ] fake_g8_sentinel_118(nil)(QD)
  [EMPTY               ] fake_g8_sentinel_119(nil)(QD)
  [EMPTY               ] fake_g8_sentinel_120(nil)(QD)
  [EMPTY               ] fake_g8_sentinel_121(nil)(QD)
  [EMPTY               ] fake_g8_sentinel_122(nil)(QD)
  [EMPTY               ] fake_g8_sentinel_123(nil)(QD)
  [EMPTY               ] fake_g8_sentinel_124(nil)(QD)
  [EMPTY               ] fake_g8_sentinel_125(nil)(QD)
  [EMPTY               ] fake_g8_sentinel_126(nil)(QD)
  [EMPTY               ] fake_g8_sentinel_127(nil)(QD)
  [EMPTY               ] fake_g8_sentinel_128(nil)(QD)
  [EMPTY               ] fake_g8_sentinel_129(nil)(QD)
  [EMPTY               ] fake_g8_sentinel_130(nil)(QD)
  [EMPTY               ] fake_g8_sentinel_131(nil)(QD)
  [EMPTY               ] fake_g8_sentinel_132(nil)(QD)
  [EMPTY               ] fake_g8_sentinel_133(nil)(QD)
  [EMPTY               ] fake_g8_sentinel_134(nil)(QD)
  [EMPTY               ] fake_g8_sentinel_135(nil)(QD)
  [EMPTY               ] fake_g8_sentinel_136(nil)(QD)
  [EMPTY               ] fake_g8_sentinel_137(nil)(QD)
  [EMPTY               ] fake_g8_sentinel_138(nil)(QD)
  [EMPTY               ] fake_g8_sentinel_139(nil)(QD)
  [EMPTY               ] fake_g8_sentinel_140(nil)(QD)
  [EMPTY               ] fake_g8_sentinel_141(nil)(QD)
  [EMPTY               ] fake_g8_sentinel_142(nil)(QD)
  [EMPTY               ] fake_g8_sentinel_143(nil)(QD)
  [EMPTY               ] fake_g8_sentinel_144(nil)(QD)
  [EMPTY               ] fake_g8_sentinel_145(nil)(QD)
  [EMPTY               ] fake_g8_sentinel_146(nil)(QD)
  [EMPTY               ] fake_g8_sentinel_147(nil)(QD)
  [EMPTY               ] fake_g8_sentinel_148(nil)(QD)
  [EMPTY               ] fake_g8_sentinel_149(nil)(QD)
  [EMPTY               ] fake_g8_sentinel_150(nil)(QD)
  [EMPTY               ] fake_g8_sentinel_151(nil)(QD)
  [EMPTY               ] fake_g8_sentinel_152(nil)(QD)
  [EMPTY               ] fake_g8_sentinel_153(nil)(QD)
  [EMPTY               ] fake_g8_sentinel_154(nil)(QD)
  [EMPTY               ] fake_g8_sentinel_155(nil)(QD)
  [EMPTY               ] fake_g8_sentinel_156(nil)(QD)
  [EMPTY               ] fake_g8_sentinel_157(nil)(QD)
  [EMPTY               ] fake_g8_sentinel_158(nil)(QD)
  [EMPTY               ] fake_g8_sentinel_159(nil)(QD)
  [EMPTY               ] fake_g8_sentinel_160(nil)(QD)
  [EMPTY               ] fake_g8_sentinel_161(nil)(QD)
  [EMPTY               ] fake_g8_sentinel_162(nil)(QD)
  [EMPTY               ] fake_g8_sentinel_163(nil)(QD)
  [EMPTY               ] fake_g8_sentinel_164(nil)(QD)
  [EMPTY               ] fake_g8_sentinel_165(nil)(QD)
  [EMPTY               ] fake_g8_sentinel_166(nil)(QD)
  [EMPTY               ] fake_g8_sentinel_167(nil)(QD)
  [EMPTY               ] fake_g8_sentinel_168(nil)(QD)
  [EMPTY               ] fake_g8_sentinel_169(nil)(QD)
  [EMPTY               ] fake_g8_sentinel_170(nil)(QD)
  [EMPTY               ] fake_g8_sentinel_171(nil)(QD)
  [EMPTY               ] fake_g8_sentinel_172(nil)(QD)
  [EMPTY               ] fake_g8_sentinel_173(nil)(QD)
  [EMPTY               ] fake_g8_sentinel_174(nil)(QD)
  [EMPTY               ] fake_g8_sentinel_175(nil)(QD)
  [EMPTY               ] fake_g8_sentinel_176(nil)(QD)
  [EMPTY               ] fake_g8_sentinel_177(nil)(QD)
  [EMPTY               ] fake_g8_sentinel_178(nil)(QD)
  [EMPTY               ] fake_g8_sentinel_179(nil)(QD)
  [EMPTY               ] fake_g8_sentinel_180(nil)(QD)
  [EMPTY               ] fake_g8_sentinel_181(nil)(QD)
  [EMPTY               ] fake_g8_sentinel_182(nil)(QD)
  [EMPTY               ] fake_g8_sentinel_183(nil)(QD)
  [EMPTY               ] fake_g8_sentinel_184(nil)(QD)
  [EMPTY               ] fake_g8_sentinel_185(nil)(QD)
  [EMPTY               ] fake_g8_sentinel_186(nil)(QD)
  [EMPTY               ] fake_g8_sentinel_187(nil)(QD)
  [EMPTY               ] fake_g8_sentinel_188(nil)(QD)
  [EMPTY               ] fake_g8_sentinel_189(nil)(QD)
  [EMPTY               ] fake_g8_sentinel_190(nil)(QD)
  [EMPTY               ] fake_g8_sentinel_191(nil)(QD)
  [EMPTY               ] fake_g8_sentinel_192(nil)(QD)
  [EMPTY               ] fake_g8_sentinel_193(nil)(QD)
  [EMPTY               ] fake_g8_sentinel_194(nil)(QD)
  [EMPTY               ] fake_g8_sentinel_195(nil)(QD)
  [EMPTY               ] fake_g8_sentinel_196(nil)(QD)
  [EMPTY               ] fake_g8_sentinel_197(nil)(QD)
  [EMPTY               ] fake_g8_sentinel_198(nil)(QD)
  [EMPTY               ] fake_g8_sentinel_199(nil)(QD)
  [EMPTY               ] fake_g8_sentinel_200(nil)(QD)
  [EMPTY               ] fake_g8_sentinel_201(nil)(QD)
  [EMPTY               ] fake_g8_sentinel_202(nil)(QD)
  [EMPTY               ] fake_g8_sentinel_203(nil)(QD)
  [EMPTY               ] fake_g8_sentinel_204(nil)(QD)
  [EMPTY               ] fake_g8_sentinel_205(nil)(QD)
  [EMPTY               ] fake_g8_sentinel_206(nil)(QD)
  [EMPTY               ] fake_g8_sentinel_207(nil)(QD)
  [EMPTY               ] fake_g8_sentinel_208(nil)(QD)
  [EMPTY               ] fake_g8_sentinel_209(nil)(QD)
  [EMPTY               ] fake_g8_sentinel_210(nil)(QD)
  [EMPTY               ] fake_g8_sentinel_211(nil)(QD)
  [EMPTY               ] fake_g8_sentinel_212(nil)(QD)
  [EMPTY               ] fake_g8_sentinel_213(nil)(QD)
  [EMPTY               ] fake_g8_sentinel_214(nil)(QD)
  [EMPTY               ] fake_g8_sentinel_215(nil)(QD)
  [EMPTY               ] fake_g8_sentinel_216(nil)(QD)
  [EMPTY               ] fake_g8_sentinel_217(nil)(QD)
  [EMPTY               ] fake_g8_sentinel_218(nil)(QD)
  [EMPTY               ] fake_g8_sentinel_219(nil)(QD)
  [EMPTY               ] fake_g8_sentinel_220(nil)(QD)
  [EMPTY               ] fake_g8_sentinel_221(nil)(QD)
  [EMPTY               ] fake_g8_sentinel_222(nil)(QD)
  [EMPTY               ] fake_g8_sentinel_223(nil)(QD)
  [EMPTY               ] fake_g8_sentinel_224(nil)(QD)
  [EMPTY               ] fake_g8_sentinel_225(nil)(QD)
  [EMPTY               ] fake_g8_sentinel_226(nil)(QD)
  [EMPTY               ] fake_g8_sentinel_227(nil)(QD)
  [EMPTY               ] fake_g8_sentinel_228(nil)(QD)
  [EMPTY               ] fake_g8_sentinel_229(nil)(QD)
  [EMPTY               ] fake_g8_sentinel_230(nil)(QD)
  [EMPTY               ] fake_g8_sentinel_231(nil)(QD)
  [EMPTY               ] fake_g8_sentinel_232(nil)(QD)
  [EMPTY               ] fake_g8_sentinel_233(nil)(QD)
  [EMPTY               ] fake_g8_sentinel_234(nil)(QD)
  [EMPTY               ] fake_g8_sentinel_235(nil)(QD)
  [EMPTY               ] fake_g8_sentinel_236(nil)(QD)
  [EMPTY               ] fake_g8_sentinel_237(nil)(QD)
  [EMPTY               ] fake_g8_sentinel_238(nil)(QD)
  [EMPTY               ] fake_g8_sentinel_239(nil)(QD)
  [EMPTY               ] fake_g8_sentinel_240(nil)(QD)
  [EMPTY               ] fake_g8_sentinel_241(nil)(QD)
  [EMPTY               ] fake_g8_sentinel_242(nil)(QD)
  [EMPTY               ] fake_g8_sentinel_243(nil)(QD)
  [EMPTY               ] fake_g8_sentinel_244(nil)(QD)
  [EMPTY               ] fake_g8_sentinel_245(nil)(QD)
  [EMPTY               ] fake_g8_sentinel_246(nil)(QD)
  [EMPTY               ] fake_g8_sentinel_247(nil)(QD)
  [EMPTY               ] fake_g8_sentinel_248(nil)(QD)
  [EMPTY               ] fake_g8_sentinel_249(nil)(QD)
  [EMPTY               ] fake_g8_sentinel_250(nil)(QD)
  [EMPTY               ] fake_g8_sentinel_251(nil)(QD)
  [EMPTY               ] fake_g8_sentinel_252(nil)(QD)

--- PHASE 3: Modified byte list structures ---

  Testing λa.λb. a([8]):
  [EMPTY               ] fake_g8_no_sentinel(nil)(QD)
  Testing λa.λb. a([8, 0]):
  [EMPTY               ] fake_g8_sentinel_0(nil)(QD)
  Testing λa.λb. a([8, 8]):
  [EMPTY               ] fake_g8_sentinel_8(nil)(QD)
  Testing λa.λb. a([8, 255, 255]):
  [EMPTY               ] fake_g8_double_sentinel(nil)(QD)
  Testing λa.λb. a([255, 8]):
  [EMPTY               ] fake_g8_reversed(nil)(QD)
  Testing λa.λb. a([]):
  [EMPTY               ] fake_g_empty_list(nil)(QD)
  Testing λa.λb. a([0, 0]):
  [EMPTY               ] fake_g0_sentinel_0(nil)(QD)

--- PHASE 4: Pass fake capability objects to real g(8) ---

  Testing g(8)([8, 255])(QD):
  [Right(6)            ] g(8)([8,255])(QD)
  Testing g(8)([8, 0])(QD):
  [Right(6)            ] g(8)([8,0])(QD)
  Testing g(8)(fake_g8_term)(QD):
  [Right(6)            ] g(8)(fake_g8)(QD)

========================================================================
SUMMARY
========================================================================
  No novel sentinels found in range 0-254.

