======================================================================
probe_3leaf_systematic.py — All 3-leaf programs with key globals
======================================================================

=== PHASE 1: No-lambda structures, vars from {8, 14, 201} ===
      [   1] vvv@@ vars=(8,8,8) bc=080808fdfd → EMPTY
      [   2] vvv@@ vars=(8,8,14) bc=08080efdfd → EMPTY
      [   3] vvv@@ vars=(8,8,201) bc=0808c9fdfd → EMPTY
      [   4] vvv@@ vars=(8,14,8) bc=080e08fdfd → EMPTY
      [   5] vvv@@ vars=(8,14,14) bc=080e0efdfd → EMPTY
      [   6] vvv@@ vars=(8,14,201) bc=080ec9fdfd → EMPTY
      [   7] vvv@@ vars=(8,201,8) bc=08c908fdfd → EMPTY
      [   8] vvv@@ vars=(8,201,14) bc=08c90efdfd → EMPTY
      [   9] vvv@@ vars=(8,201,201) bc=08c9c9fdfd → EMPTY
      [  10] vvv@@ vars=(14,8,8) bc=0e0808fdfd → EMPTY
      [  11] vvv@@ vars=(14,8,14) bc=0e080efdfd → EMPTY
      [  12] vvv@@ vars=(14,8,201) bc=0e08c9fdfd → EMPTY
      [  13] vvv@@ vars=(14,14,8) bc=0e0e08fdfd → EMPTY
      [  14] vvv@@ vars=(14,14,14) bc=0e0e0efdfd → EMPTY
      [  15] vvv@@ vars=(14,14,201) bc=0e0ec9fdfd → EMPTY
      [  16] vvv@@ vars=(14,201,8) bc=0ec908fdfd → EMPTY
      [  17] vvv@@ vars=(14,201,14) bc=0ec90efdfd → EMPTY
      [  18] vvv@@ vars=(14,201,201) bc=0ec9c9fdfd → EMPTY
      [  19] vvv@@ vars=(201,8,8) bc=c90808fdfd → EMPTY
      [  20] vvv@@ vars=(201,8,14) bc=c9080efdfd → EMPTY
      [  21] vvv@@ vars=(201,8,201) bc=c908c9fdfd → EMPTY
      [  22] vvv@@ vars=(201,14,8) bc=c90e08fdfd → EMPTY
      [  23] vvv@@ vars=(201,14,14) bc=c90e0efdfd → EMPTY
      [  24] vvv@@ vars=(201,14,201) bc=c90ec9fdfd → EMPTY
      [  25] vvv@@ vars=(201,201,8) bc=c9c908fdfd → EMPTY
      [  26] vvv@@ vars=(201,201,14) bc=c9c90efdfd → EMPTY
      [  27] vvv@@ vars=(201,201,201) bc=c9c9c9fdfd → EMPTY
      [  28] vv@v@ vars=(8,8,8) bc=0808fd08fd → EMPTY
      [  29] vv@v@ vars=(8,8,14) bc=0808fd0efd → EMPTY
      [  30] vv@v@ vars=(8,8,201) bc=0808fdc9fd → EMPTY
      [  31] vv@v@ vars=(8,14,8) bc=080efd08fd → EMPTY
      [  32] vv@v@ vars=(8,14,14) bc=080efd0efd → EMPTY
      [  33] vv@v@ vars=(8,14,201) bc=080efdc9fd → EMPTY
      [  34] vv@v@ vars=(8,201,8) bc=08c9fd08fd → EMPTY
      [  35] vv@v@ vars=(8,201,14) bc=08c9fd0efd → EMPTY
      [  36] vv@v@ vars=(8,201,201) bc=08c9fdc9fd → EMPTY
      [  37] vv@v@ vars=(14,8,8) bc=0e08fd08fd → EMPTY
      [  38] vv@v@ vars=(14,8,14) bc=0e08fd0efd → EMPTY
      [  39] vv@v@ vars=(14,8,201) bc=0e08fdc9fd → EMPTY
      [  40] vv@v@ vars=(14,14,8) bc=0e0efd08fd → EMPTY
      [  41] vv@v@ vars=(14,14,14) bc=0e0efd0efd → EMPTY
      [  42] vv@v@ vars=(14,14,201) bc=0e0efdc9fd → EMPTY
      [  43] vv@v@ vars=(14,201,8) bc=0ec9fd08fd → EMPTY
      [  44] vv@v@ vars=(14,201,14) bc=0ec9fd0efd → EMPTY
      [  45] vv@v@ vars=(14,201,201) bc=0ec9fdc9fd → EMPTY
      [  46] vv@v@ vars=(201,8,8) bc=c908fd08fd → EMPTY
      [  47] vv@v@ vars=(201,8,14) bc=c908fd0efd → EMPTY
      [  48] vv@v@ vars=(201,8,201) bc=c908fdc9fd → EMPTY
      [  49] vv@v@ vars=(201,14,8) bc=c90efd08fd → EMPTY
      [  50] vv@v@ vars=(201,14,14) bc=c90efd0efd → EMPTY
      [  51] vv@v@ vars=(201,14,201) bc=c90efdc9fd → EMPTY
      [  52] vv@v@ vars=(201,201,8) bc=c9c9fd08fd → EMPTY
      [  53] vv@v@ vars=(201,201,14) bc=c9c9fd0efd → EMPTY
      [  54] vv@v@ vars=(201,201,201) bc=c9c9fdc9fd → EMPTY

=== PHASE 2: No-lambda structures, vars from {0, 8, 14, 201} ===
      [  55] vvv@@ vars=(0,0,0) bc=000000fdfd → EMPTY
      [  56] vvv@@ vars=(0,0,8) bc=000008fdfd → EMPTY
      [  57] vvv@@ vars=(0,0,14) bc=00000efdfd → EMPTY
      [  58] vvv@@ vars=(0,0,201) bc=0000c9fdfd → EMPTY
      [  59] vvv@@ vars=(0,8,0) bc=000800fdfd → EMPTY
      [  60] vvv@@ vars=(0,8,8) bc=000808fdfd → EMPTY
      [  61] vvv@@ vars=(0,8,14) bc=00080efdfd → EMPTY
      [  62] vvv@@ vars=(0,8,201) bc=0008c9fdfd → EMPTY
      [  63] vvv@@ vars=(0,14,0) bc=000e00fdfd → EMPTY
      [  64] vvv@@ vars=(0,14,8) bc=000e08fdfd → EMPTY
      [  65] vvv@@ vars=(0,14,14) bc=000e0efdfd → EMPTY
      [  66] vvv@@ vars=(0,14,201) bc=000ec9fdfd → EMPTY
      [  67] vvv@@ vars=(0,201,0) bc=00c900fdfd → EMPTY
      [  68] vvv@@ vars=(0,201,8) bc=00c908fdfd → EMPTY
      [  69] vvv@@ vars=(0,201,14) bc=00c90efdfd → EMPTY
      [  70] vvv@@ vars=(0,201,201) bc=00c9c9fdfd → EMPTY
      [  71] vvv@@ vars=(8,0,0) bc=080000fdfd → EMPTY
      [  72] vvv@@ vars=(8,0,8) bc=080008fdfd → EMPTY
      [  73] vvv@@ vars=(8,0,14) bc=08000efdfd → EMPTY
      [  74] vvv@@ vars=(8,0,201) bc=0800c9fdfd → EMPTY
      [  75] vvv@@ vars=(8,8,0) bc=080800fdfd → EMPTY
      [  76] vvv@@ vars=(8,14,0) bc=080e00fdfd → EMPTY
      [  77] vvv@@ vars=(8,201,0) bc=08c900fdfd → EMPTY
      [  78] vvv@@ vars=(14,0,0) bc=0e0000fdfd → EMPTY
      [  79] vvv@@ vars=(14,0,8) bc=0e0008fdfd → EMPTY
      [  80] vvv@@ vars=(14,0,14) bc=0e000efdfd → EMPTY
      [  81] vvv@@ vars=(14,0,201) bc=0e00c9fdfd → EMPTY
      [  82] vvv@@ vars=(14,8,0) bc=0e0800fdfd → EMPTY
      [  83] vvv@@ vars=(14,14,0) bc=0e0e00fdfd → EMPTY
      [  84] vvv@@ vars=(14,201,0) bc=0ec900fdfd → EMPTY
      [  85] vvv@@ vars=(201,0,0) bc=c90000fdfd → EMPTY
      [  86] vvv@@ vars=(201,0,8) bc=c90008fdfd → EMPTY
      [  87] vvv@@ vars=(201,0,14) bc=c9000efdfd → EMPTY
      [  88] vvv@@ vars=(201,0,201) bc=c900c9fdfd → EMPTY
      [  89] vvv@@ vars=(201,8,0) bc=c90800fdfd → EMPTY
      [  90] vvv@@ vars=(201,14,0) bc=c90e00fdfd → EMPTY
      [  91] vvv@@ vars=(201,201,0) bc=c9c900fdfd → EMPTY
      [  92] vv@v@ vars=(0,0,0) bc=0000fd00fd → EMPTY
      [  93] vv@v@ vars=(0,0,8) bc=0000fd08fd → EMPTY
      [  94] vv@v@ vars=(0,0,14) bc=0000fd0efd → EMPTY
      [  95] vv@v@ vars=(0,0,201) bc=0000fdc9fd → EMPTY
      [  96] vv@v@ vars=(0,8,0) bc=0008fd00fd → EMPTY
      [  97] vv@v@ vars=(0,8,8) bc=0008fd08fd → EMPTY
      [  98] vv@v@ vars=(0,8,14) bc=0008fd0efd → EMPTY
      [  99] vv@v@ vars=(0,8,201) bc=0008fdc9fd → EMPTY
      [ 100] vv@v@ vars=(0,14,0) bc=000efd00fd → EMPTY
      [ 101] vv@v@ vars=(0,14,8) bc=000efd08fd → EMPTY
      [ 102] vv@v@ vars=(0,14,14) bc=000efd0efd → EMPTY
      [ 103] vv@v@ vars=(0,14,201) bc=000efdc9fd → EMPTY
      [ 104] vv@v@ vars=(0,201,0) bc=00c9fd00fd → EMPTY
      [ 105] vv@v@ vars=(0,201,8) bc=00c9fd08fd → EMPTY
      [ 106] vv@v@ vars=(0,201,14) bc=00c9fd0efd → EMPTY
      [ 107] vv@v@ vars=(0,201,201) bc=00c9fdc9fd → EMPTY
      [ 108] vv@v@ vars=(8,0,0) bc=0800fd00fd → EMPTY
      [ 109] vv@v@ vars=(8,0,8) bc=0800fd08fd → EMPTY
      [ 110] vv@v@ vars=(8,0,14) bc=0800fd0efd → EMPTY
      [ 111] vv@v@ vars=(8,0,201) bc=0800fdc9fd → EMPTY
      [ 112] vv@v@ vars=(8,8,0) bc=0808fd00fd → EMPTY
      [ 113] vv@v@ vars=(8,14,0) bc=080efd00fd → EMPTY
      [ 114] vv@v@ vars=(8,201,0) bc=08c9fd00fd → EMPTY
      [ 115] vv@v@ vars=(14,0,0) bc=0e00fd00fd → EMPTY
      [ 116] vv@v@ vars=(14,0,8) bc=0e00fd08fd → EMPTY
      [ 117] vv@v@ vars=(14,0,14) bc=0e00fd0efd → EMPTY
      [ 118] vv@v@ vars=(14,0,201) bc=0e00fdc9fd → EMPTY
      [ 119] vv@v@ vars=(14,8,0) bc=0e08fd00fd → EMPTY
      [ 120] vv@v@ vars=(14,14,0) bc=0e0efd00fd → EMPTY
      [ 121] vv@v@ vars=(14,201,0) bc=0ec9fd00fd → EMPTY
      [ 122] vv@v@ vars=(201,0,0) bc=c900fd00fd → EMPTY
      [ 123] vv@v@ vars=(201,0,8) bc=c900fd08fd → EMPTY
      [ 124] vv@v@ vars=(201,0,14) bc=c900fd0efd → EMPTY
      [ 125] vv@v@ vars=(201,0,201) bc=c900fdc9fd → EMPTY
      [ 126] vv@v@ vars=(201,8,0) bc=c908fd00fd → EMPTY
      [ 127] vv@v@ vars=(201,14,0) bc=c90efd00fd → EMPTY
      [ 128] vv@v@ vars=(201,201,0) bc=c9c9fd00fd → EMPTY

=== PHASE 3: 1-lambda structures, key combos ===
      [ 129] vvv@@λ vars=(8,8,14) bc=08080efdfdfe → EMPTY
      [ 130] vvv@@λ vars=(8,8,201) bc=0808c9fdfdfe → EMPTY
      [ 131] vvv@@λ vars=(8,14,8) bc=080e08fdfdfe → EMPTY
      [ 132] vvv@@λ vars=(8,14,14) bc=080e0efdfdfe → EMPTY
      [ 133] vvv@@λ vars=(8,14,201) bc=080ec9fdfdfe → EMPTY
      [ 134] vvv@@λ vars=(8,201,8) bc=08c908fdfdfe → EMPTY
      [ 135] vvv@@λ vars=(8,201,14) bc=08c90efdfdfe → EMPTY
      [ 136] vvv@@λ vars=(8,201,201) bc=08c9c9fdfdfe → EMPTY
      [ 137] vvv@@λ vars=(14,8,8) bc=0e0808fdfdfe → EMPTY
      [ 138] vvv@@λ vars=(14,8,14) bc=0e080efdfdfe → EMPTY
      [ 139] vvv@@λ vars=(14,8,201) bc=0e08c9fdfdfe → EMPTY
      [ 140] vvv@@λ vars=(14,14,8) bc=0e0e08fdfdfe → EMPTY
      [ 141] vvv@@λ vars=(14,14,14) bc=0e0e0efdfdfe → EMPTY
      [ 142] vvv@@λ vars=(14,14,201) bc=0e0ec9fdfdfe → EMPTY
      [ 143] vvv@@λ vars=(14,201,8) bc=0ec908fdfdfe → EMPTY
      [ 144] vvv@@λ vars=(14,201,14) bc=0ec90efdfdfe → EMPTY
      [ 145] vvv@@λ vars=(14,201,201) bc=0ec9c9fdfdfe → EMPTY
      [ 146] vvv@@λ vars=(201,8,8) bc=c90808fdfdfe → EMPTY
      [ 147] vvv@@λ vars=(201,8,14) bc=c9080efdfdfe → EMPTY
      [ 148] vvv@@λ vars=(201,8,201) bc=c908c9fdfdfe → EMPTY
      [ 149] vvv@@λ vars=(201,14,8) bc=c90e08fdfdfe → EMPTY
      [ 150] vvv@@λ vars=(201,14,14) bc=c90e0efdfdfe → EMPTY
      [ 151] vvv@@λ vars=(201,14,201) bc=c90ec9fdfdfe → EMPTY
      [ 152] vvv@@λ vars=(201,201,8) bc=c9c908fdfdfe → EMPTY
      [ 153] vvv@@λ vars=(201,201,14) bc=c9c90efdfdfe → EMPTY
      [ 154] vvv@@λ vars=(201,201,201) bc=c9c9c9fdfdfe → EMPTY
      [ 155] vvv@λ@ vars=(8,8,14) bc=08080efdfefd → EMPTY
      [ 156] vvv@λ@ vars=(8,8,201) bc=0808c9fdfefd → EMPTY
      [ 157] vvv@λ@ vars=(8,14,8) bc=080e08fdfefd → EMPTY
      [ 158] vvv@λ@ vars=(8,14,14) bc=080e0efdfefd → EMPTY
      [ 159] vvv@λ@ vars=(8,14,201) bc=080ec9fdfefd → EMPTY
      [ 160] vvv@λ@ vars=(8,201,8) bc=08c908fdfefd → EMPTY
      [ 161] vvv@λ@ vars=(8,201,14) bc=08c90efdfefd → EMPTY
      [ 162] vvv@λ@ vars=(8,201,201) bc=08c9c9fdfefd → EMPTY
      [ 163] vvv@λ@ vars=(14,8,8) bc=0e0808fdfefd → EMPTY
      [ 164] vvv@λ@ vars=(14,8,14) bc=0e080efdfefd → EMPTY
      [ 165] vvv@λ@ vars=(14,8,201) bc=0e08c9fdfefd → EMPTY
      [ 166] vvv@λ@ vars=(14,14,8) bc=0e0e08fdfefd → EMPTY
      [ 167] vvv@λ@ vars=(14,14,14) bc=0e0e0efdfefd → EMPTY
      [ 168] vvv@λ@ vars=(14,14,201) bc=0e0ec9fdfefd → EMPTY
      [ 169] vvv@λ@ vars=(14,201,8) bc=0ec908fdfefd → EMPTY
      [ 170] vvv@λ@ vars=(14,201,14) bc=0ec90efdfefd → EMPTY
      [ 171] vvv@λ@ vars=(14,201,201) bc=0ec9c9fdfefd → EMPTY
      [ 172] vvv@λ@ vars=(201,8,8) bc=c90808fdfefd → EMPTY
      [ 173] vvv@λ@ vars=(201,8,14) bc=c9080efdfefd → EMPTY
      [ 174] vvv@λ@ vars=(201,8,201) bc=c908c9fdfefd → EMPTY
      [ 175] vvv@λ@ vars=(201,14,8) bc=c90e08fdfefd → EMPTY
      [ 176] vvv@λ@ vars=(201,14,14) bc=c90e0efdfefd → EMPTY
      [ 177] vvv@λ@ vars=(201,14,201) bc=c90ec9fdfefd → EMPTY
      [ 178] vvv@λ@ vars=(201,201,8) bc=c9c908fdfefd → EMPTY
      [ 179] vvv@λ@ vars=(201,201,14) bc=c9c90efdfefd → EMPTY
      [ 180] vvv@λ@ vars=(201,201,201) bc=c9c9c9fdfefd → EMPTY
      [ 181] vvvλ@@ vars=(8,8,14) bc=08080efefdfd → EMPTY
      [ 182] vvvλ@@ vars=(8,8,201) bc=0808c9fefdfd → EMPTY
      [ 183] vvvλ@@ vars=(8,14,8) bc=080e08fefdfd → EMPTY
      [ 184] vvvλ@@ vars=(8,14,14) bc=080e0efefdfd → EMPTY
      [ 185] vvvλ@@ vars=(8,14,201) bc=080ec9fefdfd → EMPTY
      [ 186] vvvλ@@ vars=(8,201,8) bc=08c908fefdfd → EMPTY
      [ 187] vvvλ@@ vars=(8,201,14) bc=08c90efefdfd → EMPTY
      [ 188] vvvλ@@ vars=(8,201,201) bc=08c9c9fefdfd → EMPTY
      [ 189] vvvλ@@ vars=(14,8,8) bc=0e0808fefdfd → EMPTY
      [ 190] vvvλ@@ vars=(14,8,14) bc=0e080efefdfd → EMPTY
      [ 191] vvvλ@@ vars=(14,8,201) bc=0e08c9fefdfd → EMPTY
      [ 192] vvvλ@@ vars=(14,14,8) bc=0e0e08fefdfd → EMPTY
      [ 193] vvvλ@@ vars=(14,14,14) bc=0e0e0efefdfd → EMPTY
      [ 194] vvvλ@@ vars=(14,14,201) bc=0e0ec9fefdfd → EMPTY
      [ 195] vvvλ@@ vars=(14,201,8) bc=0ec908fefdfd → EMPTY
      [ 196] vvvλ@@ vars=(14,201,14) bc=0ec90efefdfd → EMPTY
      [ 197] vvvλ@@ vars=(14,201,201) bc=0ec9c9fefdfd → EMPTY
      [ 198] vvvλ@@ vars=(201,8,8) bc=c90808fefdfd → EMPTY
      [ 199] vvvλ@@ vars=(201,8,14) bc=c9080efefdfd → EMPTY
      [ 200] vvvλ@@ vars=(201,8,201) bc=c908c9fefdfd → EMPTY
      [ 201] vvvλ@@ vars=(201,14,8) bc=c90e08fefdfd → EMPTY
      [ 202] vvvλ@@ vars=(201,14,14) bc=c90e0efefdfd → EMPTY
      [ 203] vvvλ@@ vars=(201,14,201) bc=c90ec9fefdfd → EMPTY
      [ 204] vvvλ@@ vars=(201,201,8) bc=c9c908fefdfd → EMPTY
      [ 205] vvvλ@@ vars=(201,201,14) bc=c9c90efefdfd → EMPTY
      [ 206] vvvλ@@ vars=(201,201,201) bc=c9c9c9fefdfd → EMPTY
      [ 207] vv@v@λ vars=(8,8,14) bc=0808fd0efdfe → EMPTY
      [ 208] vv@v@λ vars=(8,8,201) bc=0808fdc9fdfe → EMPTY
      [ 209] vv@v@λ vars=(8,14,8) bc=080efd08fdfe → EMPTY
      [ 210] vv@v@λ vars=(8,14,14) bc=080efd0efdfe → EMPTY
      [ 211] vv@v@λ vars=(8,14,201) bc=080efdc9fdfe → EMPTY
      [ 212] vv@v@λ vars=(8,201,8) bc=08c9fd08fdfe → EMPTY
      [ 213] vv@v@λ vars=(8,201,14) bc=08c9fd0efdfe → EMPTY
      [ 214] vv@v@λ vars=(8,201,201) bc=08c9fdc9fdfe → EMPTY
      [ 215] vv@v@λ vars=(14,8,8) bc=0e08fd08fdfe → EMPTY
      [ 216] vv@v@λ vars=(14,8,14) bc=0e08fd0efdfe → EMPTY
      [ 217] vv@v@λ vars=(14,8,201) bc=0e08fdc9fdfe → EMPTY
      [ 218] vv@v@λ vars=(14,14,8) bc=0e0efd08fdfe → EMPTY
      [ 219] vv@v@λ vars=(14,14,14) bc=0e0efd0efdfe → EMPTY
      [ 220] vv@v@λ vars=(14,14,201) bc=0e0efdc9fdfe → EMPTY
      [ 221] vv@v@λ vars=(14,201,8) bc=0ec9fd08fdfe → EMPTY
      [ 222] vv@v@λ vars=(14,201,14) bc=0ec9fd0efdfe → EMPTY
      [ 223] vv@v@λ vars=(14,201,201) bc=0ec9fdc9fdfe → EMPTY
      [ 224] vv@v@λ vars=(201,8,8) bc=c908fd08fdfe → EMPTY
      [ 225] vv@v@λ vars=(201,8,14) bc=c908fd0efdfe → EMPTY
      [ 226] vv@v@λ vars=(201,8,201) bc=c908fdc9fdfe → EMPTY
      [ 227] vv@v@λ vars=(201,14,8) bc=c90efd08fdfe → EMPTY
      [ 228] vv@v@λ vars=(201,14,14) bc=c90efd0efdfe → EMPTY
      [ 229] vv@v@λ vars=(201,14,201) bc=c90efdc9fdfe → EMPTY
      [ 230] vv@v@λ vars=(201,201,8) bc=c9c9fd08fdfe → EMPTY
      [ 231] vv@v@λ vars=(201,201,14) bc=c9c9fd0efdfe → EMPTY
      [ 232] vv@v@λ vars=(201,201,201) bc=c9c9fdc9fdfe → EMPTY
      [ 233] vv@vλ@ vars=(8,8,14) bc=0808fd0efefd → EMPTY
      [ 234] vv@vλ@ vars=(8,8,201) bc=0808fdc9fefd → EMPTY
      [ 235] vv@vλ@ vars=(8,14,8) bc=080efd08fefd → EMPTY
      [ 236] vv@vλ@ vars=(8,14,14) bc=080efd0efefd → EMPTY
      [ 237] vv@vλ@ vars=(8,14,201) bc=080efdc9fefd → EMPTY
      [ 238] vv@vλ@ vars=(8,201,8) bc=08c9fd08fefd → EMPTY
      [ 239] vv@vλ@ vars=(8,201,14) bc=08c9fd0efefd → EMPTY
      [ 240] vv@vλ@ vars=(8,201,201) bc=08c9fdc9fefd → EMPTY
      [ 241] vv@vλ@ vars=(14,8,8) bc=0e08fd08fefd → EMPTY
      [ 242] vv@vλ@ vars=(14,8,14) bc=0e08fd0efefd → EMPTY
      [ 243] vv@vλ@ vars=(14,8,201) bc=0e08fdc9fefd → EMPTY
      [ 244] vv@vλ@ vars=(14,14,8) bc=0e0efd08fefd → EMPTY
      [ 245] vv@vλ@ vars=(14,14,14) bc=0e0efd0efefd → EMPTY
      [ 246] vv@vλ@ vars=(14,14,201) bc=0e0efdc9fefd → EMPTY
      [ 247] vv@vλ@ vars=(14,201,8) bc=0ec9fd08fefd → EMPTY
      [ 248] vv@vλ@ vars=(14,201,14) bc=0ec9fd0efefd → EMPTY
      [ 249] vv@vλ@ vars=(14,201,201) bc=0ec9fdc9fefd → EMPTY
      [ 250] vv@vλ@ vars=(201,8,8) bc=c908fd08fefd → EMPTY
      [ 251] vv@vλ@ vars=(201,8,14) bc=c908fd0efefd → EMPTY
      [ 252] vv@vλ@ vars=(201,8,201) bc=c908fdc9fefd → EMPTY
      [ 253] vv@vλ@ vars=(201,14,8) bc=c90efd08fefd → EMPTY
      [ 254] vv@vλ@ vars=(201,14,14) bc=c90efd0efefd → EMPTY
      [ 255] vv@vλ@ vars=(201,14,201) bc=c90efdc9fefd → EMPTY
      [ 256] vv@vλ@ vars=(201,201,8) bc=c9c9fd08fefd → EMPTY
      [ 257] vv@vλ@ vars=(201,201,14) bc=c9c9fd0efefd → EMPTY
      [ 258] vv@vλ@ vars=(201,201,201) bc=c9c9fdc9fefd → EMPTY
      [ 259] vv@λv@ vars=(8,8,14) bc=0808fdfe0efd → EMPTY
      [ 260] vv@λv@ vars=(8,8,201) bc=0808fdfec9fd → EMPTY
      [ 261] vv@λv@ vars=(8,14,8) bc=080efdfe08fd → EMPTY
      [ 262] vv@λv@ vars=(8,14,14) bc=080efdfe0efd → EMPTY
      [ 263] vv@λv@ vars=(8,14,201) bc=080efdfec9fd → EMPTY
      [ 264] vv@λv@ vars=(8,201,8) bc=08c9fdfe08fd → EMPTY
      [ 265] vv@λv@ vars=(8,201,14) bc=08c9fdfe0efd → EMPTY
      [ 266] vv@λv@ vars=(8,201,201) bc=08c9fdfec9fd → EMPTY
      [ 267] vv@λv@ vars=(14,8,8) bc=0e08fdfe08fd → EMPTY
      [ 268] vv@λv@ vars=(14,8,14) bc=0e08fdfe0efd → EMPTY
      [ 269] vv@λv@ vars=(14,8,201) bc=0e08fdfec9fd → EMPTY
      [ 270] vv@λv@ vars=(14,14,8) bc=0e0efdfe08fd → EMPTY
      [ 271] vv@λv@ vars=(14,14,14) bc=0e0efdfe0efd → EMPTY
      [ 272] vv@λv@ vars=(14,14,201) bc=0e0efdfec9fd → EMPTY
      [ 273] vv@λv@ vars=(14,201,8) bc=0ec9fdfe08fd → EMPTY
      [ 274] vv@λv@ vars=(14,201,14) bc=0ec9fdfe0efd → EMPTY
      [ 275] vv@λv@ vars=(14,201,201) bc=0ec9fdfec9fd → EMPTY
      [ 276] vv@λv@ vars=(201,8,8) bc=c908fdfe08fd → EMPTY
      [ 277] vv@λv@ vars=(201,8,14) bc=c908fdfe0efd → EMPTY
      [ 278] vv@λv@ vars=(201,8,201) bc=c908fdfec9fd → EMPTY
      [ 279] vv@λv@ vars=(201,14,8) bc=c90efdfe08fd → EMPTY
      [ 280] vv@λv@ vars=(201,14,14) bc=c90efdfe0efd → EMPTY
      [ 281] vv@λv@ vars=(201,14,201) bc=c90efdfec9fd → EMPTY
      [ 282] vv@λv@ vars=(201,201,8) bc=c9c9fdfe08fd → EMPTY
      [ 283] vv@λv@ vars=(201,201,14) bc=c9c9fdfe0efd → EMPTY
      [ 284] vv@λv@ vars=(201,201,201) bc=c9c9fdfec9fd → EMPTY
      [ 285] vvλv@@ vars=(8,8,14) bc=0808fe0efdfd → EMPTY
      [ 286] vvλv@@ vars=(8,8,201) bc=0808fec9fdfd → EMPTY
      [ 287] vvλv@@ vars=(8,14,8) bc=080efe08fdfd → EMPTY
      [ 288] vvλv@@ vars=(8,14,14) bc=080efe0efdfd → EMPTY
      [ 289] vvλv@@ vars=(8,14,201) bc=080efec9fdfd → EMPTY
      [ 290] vvλv@@ vars=(8,201,8) bc=08c9fe08fdfd → EMPTY
      [ 291] vvλv@@ vars=(8,201,14) bc=08c9fe0efdfd → EMPTY
      [ 292] vvλv@@ vars=(8,201,201) bc=08c9fec9fdfd → EMPTY
      [ 293] vvλv@@ vars=(14,8,8) bc=0e08fe08fdfd → EMPTY
      [ 294] vvλv@@ vars=(14,8,14) bc=0e08fe0efdfd → EMPTY
      [ 295] vvλv@@ vars=(14,8,201) bc=0e08fec9fdfd → EMPTY
      [ 296] vvλv@@ vars=(14,14,8) bc=0e0efe08fdfd → EMPTY
      [ 297] vvλv@@ vars=(14,14,14) bc=0e0efe0efdfd → EMPTY
      [ 298] vvλv@@ vars=(14,14,201) bc=0e0efec9fdfd → EMPTY
      [ 299] vvλv@@ vars=(14,201,8) bc=0ec9fe08fdfd → EMPTY
      [ 300] vvλv@@ vars=(14,201,14) bc=0ec9fe0efdfd → EMPTY
      [ 301] vvλv@@ vars=(14,201,201) bc=0ec9fec9fdfd → EMPTY
      [ 302] vvλv@@ vars=(201,8,8) bc=c908fe08fdfd → EMPTY
      [ 303] vvλv@@ vars=(201,8,14) bc=c908fe0efdfd → EMPTY
      [ 304] vvλv@@ vars=(201,8,201) bc=c908fec9fdfd → EMPTY
      [ 305] vvλv@@ vars=(201,14,8) bc=c90efe08fdfd → EMPTY
      [ 306] vvλv@@ vars=(201,14,14) bc=c90efe0efdfd → EMPTY
      [ 307] vvλv@@ vars=(201,14,201) bc=c90efec9fdfd → EMPTY
      [ 308] vvλv@@ vars=(201,201,8) bc=c9c9fe08fdfd → EMPTY
      [ 309] vvλv@@ vars=(201,201,14) bc=c9c9fe0efdfd → EMPTY
      [ 310] vvλv@@ vars=(201,201,201) bc=c9c9fec9fdfd → EMPTY
      [ 311] vvλ@v@ vars=(8,8,14) bc=0808fefd0efd → EMPTY
      [ 312] vvλ@v@ vars=(8,8,201) bc=0808fefdc9fd → EMPTY
      [ 313] vvλ@v@ vars=(8,14,8) bc=080efefd08fd → EMPTY
      [ 314] vvλ@v@ vars=(8,14,14) bc=080efefd0efd → EMPTY
      [ 315] vvλ@v@ vars=(8,14,201) bc=080efefdc9fd → EMPTY
      [ 316] vvλ@v@ vars=(8,201,8) bc=08c9fefd08fd → EMPTY
      [ 317] vvλ@v@ vars=(8,201,14) bc=08c9fefd0efd → EMPTY
      [ 318] vvλ@v@ vars=(8,201,201) bc=08c9fefdc9fd → EMPTY
      [ 319] vvλ@v@ vars=(14,8,8) bc=0e08fefd08fd → EMPTY
      [ 320] vvλ@v@ vars=(14,8,14) bc=0e08fefd0efd → EMPTY
      [ 321] vvλ@v@ vars=(14,8,201) bc=0e08fefdc9fd → EMPTY
      [ 322] vvλ@v@ vars=(14,14,8) bc=0e0efefd08fd → EMPTY
      [ 323] vvλ@v@ vars=(14,14,14) bc=0e0efefd0efd → EMPTY
      [ 324] vvλ@v@ vars=(14,14,201) bc=0e0efefdc9fd → EMPTY
      [ 325] vvλ@v@ vars=(14,201,8) bc=0ec9fefd08fd → EMPTY
      [ 326] vvλ@v@ vars=(14,201,14) bc=0ec9fefd0efd → EMPTY
      [ 327] vvλ@v@ vars=(14,201,201) bc=0ec9fefdc9fd → EMPTY
      [ 328] vvλ@v@ vars=(201,8,8) bc=c908fefd08fd → EMPTY
      [ 329] vvλ@v@ vars=(201,8,14) bc=c908fefd0efd → EMPTY
      [ 330] vvλ@v@ vars=(201,8,201) bc=c908fefdc9fd → EMPTY
      [ 331] vvλ@v@ vars=(201,14,8) bc=c90efefd08fd → EMPTY
      [ 332] vvλ@v@ vars=(201,14,14) bc=c90efefd0efd → EMPTY
      [ 333] vvλ@v@ vars=(201,14,201) bc=c90efefdc9fd → EMPTY
      [ 334] vvλ@v@ vars=(201,201,8) bc=c9c9fefd08fd → EMPTY
      [ 335] vvλ@v@ vars=(201,201,14) bc=c9c9fefd0efd → EMPTY
      [ 336] vvλ@v@ vars=(201,201,201) bc=c9c9fefdc9fd → EMPTY
      [ 337] vλvv@@ vars=(8,8,14) bc=08fe080efdfd → EMPTY
      [ 338] vλvv@@ vars=(8,8,201) bc=08fe08c9fdfd → EMPTY
      [ 339] vλvv@@ vars=(8,14,8) bc=08fe0e08fdfd → EMPTY
      [ 340] vλvv@@ vars=(8,14,14) bc=08fe0e0efdfd → EMPTY
      [ 341] vλvv@@ vars=(8,14,201) bc=08fe0ec9fdfd → EMPTY
      [ 342] vλvv@@ vars=(8,201,8) bc=08fec908fdfd → EMPTY
      [ 343] vλvv@@ vars=(8,201,14) bc=08fec90efdfd → EMPTY
      [ 344] vλvv@@ vars=(8,201,201) bc=08fec9c9fdfd → EMPTY
      [ 345] vλvv@@ vars=(14,8,8) bc=0efe0808fdfd → EMPTY
      [ 346] vλvv@@ vars=(14,8,14) bc=0efe080efdfd → EMPTY
      [ 347] vλvv@@ vars=(14,8,201) bc=0efe08c9fdfd → EMPTY
      [ 348] vλvv@@ vars=(14,14,8) bc=0efe0e08fdfd → EMPTY
      [ 349] vλvv@@ vars=(14,14,14) bc=0efe0e0efdfd → EMPTY
      [ 350] vλvv@@ vars=(14,14,201) bc=0efe0ec9fdfd → EMPTY
      [ 351] vλvv@@ vars=(14,201,8) bc=0efec908fdfd → EMPTY
      [ 352] vλvv@@ vars=(14,201,14) bc=0efec90efdfd → EMPTY
      [ 353] vλvv@@ vars=(14,201,201) bc=0efec9c9fdfd → EMPTY
      [ 354] vλvv@@ vars=(201,8,8) bc=c9fe0808fdfd → EMPTY
      [ 355] vλvv@@ vars=(201,8,14) bc=c9fe080efdfd → EMPTY
      [ 356] vλvv@@ vars=(201,8,201) bc=c9fe08c9fdfd → EMPTY
      [ 357] vλvv@@ vars=(201,14,8) bc=c9fe0e08fdfd → EMPTY
      [ 358] vλvv@@ vars=(201,14,14) bc=c9fe0e0efdfd → EMPTY
      [ 359] vλvv@@ vars=(201,14,201) bc=c9fe0ec9fdfd → EMPTY
      [ 360] vλvv@@ vars=(201,201,8) bc=c9fec908fdfd → EMPTY
      [ 361] vλvv@@ vars=(201,201,14) bc=c9fec90efdfd → EMPTY
      [ 362] vλvv@@ vars=(201,201,201) bc=c9fec9c9fdfd → EMPTY
      [ 363] vλv@v@ vars=(8,8,14) bc=08fe08fd0efd → EMPTY
      [ 364] vλv@v@ vars=(8,8,201) bc=08fe08fdc9fd → EMPTY
      [ 365] vλv@v@ vars=(8,14,8) bc=08fe0efd08fd → EMPTY
      [ 366] vλv@v@ vars=(8,14,14) bc=08fe0efd0efd → EMPTY
      [ 367] vλv@v@ vars=(8,14,201) bc=08fe0efdc9fd → EMPTY
      [ 368] vλv@v@ vars=(8,201,8) bc=08fec9fd08fd → EMPTY
      [ 369] vλv@v@ vars=(8,201,14) bc=08fec9fd0efd → EMPTY
      [ 370] vλv@v@ vars=(8,201,201) bc=08fec9fdc9fd → EMPTY
      [ 371] vλv@v@ vars=(14,8,8) bc=0efe08fd08fd → EMPTY
      [ 372] vλv@v@ vars=(14,8,14) bc=0efe08fd0efd → EMPTY
      [ 373] vλv@v@ vars=(14,8,201) bc=0efe08fdc9fd → EMPTY
      [ 374] vλv@v@ vars=(14,14,8) bc=0efe0efd08fd → EMPTY
      [ 375] vλv@v@ vars=(14,14,14) bc=0efe0efd0efd → EMPTY
      [ 376] vλv@v@ vars=(14,14,201) bc=0efe0efdc9fd → EMPTY
      [ 377] vλv@v@ vars=(14,201,8) bc=0efec9fd08fd → EMPTY
      [ 378] vλv@v@ vars=(14,201,14) bc=0efec9fd0efd → EMPTY
      [ 379] vλv@v@ vars=(14,201,201) bc=0efec9fdc9fd → EMPTY
      [ 380] vλv@v@ vars=(201,8,8) bc=c9fe08fd08fd → EMPTY
      [ 381] vλv@v@ vars=(201,8,14) bc=c9fe08fd0efd → EMPTY
      [ 382] vλv@v@ vars=(201,8,201) bc=c9fe08fdc9fd → EMPTY
      [ 383] vλv@v@ vars=(201,14,8) bc=c9fe0efd08fd → EMPTY
      [ 384] vλv@v@ vars=(201,14,14) bc=c9fe0efd0efd → EMPTY
      [ 385] vλv@v@ vars=(201,14,201) bc=c9fe0efdc9fd → EMPTY
      [ 386] vλv@v@ vars=(201,201,8) bc=c9fec9fd08fd → EMPTY
      [ 387] vλv@v@ vars=(201,201,14) bc=c9fec9fd0efd → EMPTY
      [ 388] vλv@v@ vars=(201,201,201) bc=c9fec9fdc9fd → EMPTY

======================================================================
SUMMARY: 388 programs tested, 0 interesting results
======================================================================
