================================================================================
SPECIAL VALUES ANALYSIS
================================================================================

1. WHAT IS FE (0xFE)?
=====================

In BrownOS bytecode encoding:
  - 0x00-0xFC = Var(i)    ← Variable with De Bruijn index i
  - 0xFD      = App       ← Application marker
  - 0xFE      = Lam       ← Lambda abstraction marker
  - 0xFF      = End       ← End-of-code marker

So FE = LAMBDA ABSTRACTION.

When you see bytecode like: 00 FE FE
This means: Var(0), wrap in lambda, wrap in another lambda
Result: λλVar(0)

This is the Church encoding of FALSE or the number 0:
  Church 0 = λf.λx.x  (apply f zero times to x)
  
The mail says "start with 00 FE FE" which is literally:
  - Church numeral 0
  - Boolean FALSE
  - The "nil" of some encodings

================================================================================
2. IS 201 (0xC9) SPECIAL?
================================================================================

201 in different representations:
  - Decimal: 201
  - Hex: 0xC9
  - Binary: 11001001

Why 201 might be special:

A) PRIME NUMBER:
   201 is NOT prime (201 = 3 × 67)
   
B) MATHEMATICAL PROPERTIES:
   201 = 3 × 67
   201 in hex = C9 = 12*16 + 9 = 192 + 9
   
C) ASCII/CHARACTER:
   201 is NOT printable ASCII (>127)
   In extended ASCII/Latin-1: É (E with acute accent)
   
D) RELATION TO OTHER VALUES:
   - It's beyond normal syscall range (0-42 are documented)
   - It's NOT 252, 253, 254, 255 (the special forbidden Vars)
   - 201 + 54 = 255 (the end marker!)
   - 256 - 201 = 55
   
E) BACKDOOR POSITION:
   The mail EXPLICITLY mentions syscall 201 is the backdoor.
   This is an INTENTIONAL choice by the challenge author.
   
F) POSSIBLE SIGNIFICANCE:
   - Author's birthday? (like 2001, February 1st, etc.)
   - Reference to something in lambda calculus literature?
   - Just chosen because it's in valid Var range but uncommon?
   
G) RELATIONSHIP TO FE:
   201 = 0xC9
   254 = 0xFE (the lambda marker!)
   201 + 53 = 254
   
   Could there be a pattern?

================================================================================
3. WHAT DOES 'DIFFERENT LAMBDA TERM' MEAN?
================================================================================

When we tested the backdoor, we found:

A) MOST inputs return THE SAME lambda term:
   backdoor(g(0))   = λλ(V0 [9 nested lambdas...])
   backdoor(g(1))   = λλ(V0 [9 nested lambdas...])
   backdoor(g(8))   = λλ(V0 [9 nested lambdas...])
   backdoor(g(201)) = λλ(V0 [9 nested lambdas...])
   
   ALL identical! The backdoor ignores most arguments.

B) BUT ONE input returns DIFFERENT:
   backdoor(00 FE FE) = λλ(V1 [different structure...])
   
   Notice: Uses V1 instead of V0!
   The mail specifically says "start with 00 FE FE"
   This is the ONLY input that produces a different result!

C) ALSO DIFFERENT:
   backdoor(A) = backdoor(B) = λλ(V0 [different inner structure])
   
   The A and B pair (from the decoded backdoor) also produce
   a unique result, but it's DIFFERENT from both the "common"
   result and the "00 FE FE" result.

SIGNIFICANCE:
  - The backdoor has SPECIAL BEHAVIOR for specific inputs
  - "00 FE FE" (Church 0) triggers one special case
  - The A/B pair triggers another special case  
  - Everything else gets a default response
  
This suggests: The backdoor is TESTING its input!
  - If input == Church 0 → return one thing
  - If input == A or B → return another thing
  - Otherwise → return default

The MAIL is telling us to use Church 0 as input!

================================================================================
4. DEEPER ANALYSIS: WHAT DO THE OUTPUTS MEAN?
================================================================================

Looking at the STRUCTURE of backdoor outputs:

COMMON OUTPUT (most inputs):
  λλ(V0 [9 lambdas wrapping App(V2, V0)])
  
  After 2 outer lambdas, applies V0 to a byte-term.
  The byte-term encodes: V2 applied to V0
  With 9 lambdas, V2 at depth 9 = bit position 2 = value 2
  So this might encode the BYTE VALUE 2?

SPECIAL OUTPUT (00 FE FE):
  λλ(V1 [2 lambdas wrapping complex structure])
  
  Uses V1 instead of V0!
  The inner structure contains the backdoor pair A and B!
  
  This looks like it's returning A and B THEMSELVES
  as the payload. Like saying "here are the keys!"

A/B OUTPUT:
  λλ(V0 [9 lambdas wrapping App(V3, App(V2, App(V1, V0)))])
  
  Innermost: V3(V2(V1(V0)))
  This is a COMPOSITION of 4 variables!
  With 9 lambdas: V3=4, V2=2, V1=1, V0=0
  Bits: 8+4+2+0 = 14? Or composition pattern?

================================================================================
5. THE KEY INSIGHT
================================================================================

The mail says:
  "Backdoor is ready at syscall 201; start with 00 FE FE."

This could mean:

INTERPRETATION 1: Use as input sequence
  → backdoor(Church 0) → get special lambda term
  → Use THAT as input to something else?
  
INTERPRETATION 2: Bytecode sequence
  → The actual program should START with bytes 00 FE FE
  → Then call backdoor? Or something else?
  
INTERPRETATION 3: The answer itself
  → Maybe the ANSWER string starts with those characters?
  → Test: chr(0x00) + chr(0xFE) + chr(0xFE) as hash input?

INTERPRETATION 4: Continuation-passing style
  → "start with" means use as the CONTINUATION
  → Instead of QD, use (00 FE FE) as continuation?
  
Let me test these!


================================================================================
TESTING HASH CANDIDATES
================================================================================
❌ No match: Raw bytes 00 FE FE
❌ No match: 00FEFE as hex string
❌ No match: 00fefe lowercase
❌ No match: 201 decimal
❌ No match: 201 hex (c9)
❌ No match: C9 uppercase
❌ No match: 0xC9
❌ No match: Syscall 201
❌ No match: backdoor
❌ No match: 00 FE FE with spaces

================================================================================
NEXT ACTIONS
================================================================================

1. Test using 00 FE FE as CONTINUATION instead of QD
   → syscall 8 (some_arg) (00 FE FE) instead of (QD)
   
2. Test other syscalls with backdoor outputs
   → Maybe backdoor unlocks syscall 7, 14, or others?
   
3. Decode what the backdoor output lambda terms COMPUTE
   → Apply them to Church numerals 0,1,2,3... and see what happens
   
4. Look for syscall 201 references in OTHER files
   → Maybe there's documentation we missed?

