Running 253 g-values x 4 args = 1012 cases
Output includes internal marker: B\n (after g, before 8).

g=0x00  arg=NIL    -> '<empty>'
g=0x00  arg=V8     -> '<empty>'
g=0x00  arg=V14    -> '<empty>'
g=0x00  arg=V201   -> '<empty>'
g=0x01  arg=NIL    -> 'B\nPermission denied'
g=0x01  arg=V8     -> 'B\nPermission denied'
g=0x01  arg=V14    -> 'B\nPermission denied'
g=0x01  arg=V201   -> 'B\nPermission denied'
g=0x02  arg=NIL    -> 'B\nPermission denied'
g=0x02  arg=V8     -> 'B\nPermission denied'
g=0x02  arg=V14    -> 'B\nPermission denied'
g=0x02  arg=V201   -> 'B\nPermission denied'
g=0x03  arg=NIL    -> 'B\nPermission denied'
g=0x03  arg=V8     -> 'B\nPermission denied'
g=0x03  arg=V14    -> 'B\nPermission denied'
g=0x03  arg=V201   -> 'B\nPermission denied'
g=0x04  arg=NIL    -> 'B\nPermission denied'
g=0x04  arg=V8     -> 'B\nPermission denied'
g=0x04  arg=V14    -> 'B\nPermission denied'
g=0x04  arg=V201   -> 'B\nPermission denied'
g=0x05  arg=NIL    -> 'B\nPermission denied'
g=0x05  arg=V8     -> 'B\nPermission denied'
g=0x05  arg=V14    -> 'B\nPermission denied'
g=0x05  arg=V201   -> 'B\nPermission denied'
g=0x06  arg=NIL    -> 'B\nPermission denied'
g=0x06  arg=V8     -> 'B\nPermission denied'
g=0x06  arg=V14    -> 'B\nPermission denied'
g=0x06  arg=V201   -> 'B\nPermission denied'
g=0x07  arg=NIL    -> 'B\nPermission denied'
g=0x07  arg=V8     -> 'B\nPermission denied'
g=0x07  arg=V14    -> 'B\nPermission denied'
g=0x07  arg=V201   -> 'B\nPermission denied'
g=0x08  arg=NIL    -> 'B\nPermission denied'
g=0x08  arg=V8     -> 'B\nPermission denied'
g=0x08  arg=V14    -> 'B\nPermission denied'
g=0x08  arg=V201   -> 'B\nPermission denied'
g=0x09  arg=NIL    -> 'B\nPermission denied'
g=0x09  arg=V8     -> 'B\nPermission denied'
g=0x09  arg=V14    -> 'B\nPermission denied'
g=0x09  arg=V201   -> 'B\nPermission denied'
g=0x0a  arg=NIL    -> 'B\nPermission denied'
g=0x0a  arg=V8     -> 'B\nPermission denied'
g=0x0a  arg=V14    -> 'B\nPermission denied'
g=0x0a  arg=V201   -> 'B\nPermission denied'
g=0x0b  arg=NIL    -> 'B\nPermission denied'
g=0x0b  arg=V8     -> 'B\nPermission denied'
g=0x0b  arg=V14    -> 'B\nPermission denied'
g=0x0b  arg=V201   -> 'B\nPermission denied'
g=0x0c  arg=NIL    -> 'B\nPermission denied'
g=0x0c  arg=V8     -> 'B\nPermission denied'
g=0x0c  arg=V14    -> 'B\nPermission denied'
g=0x0c  arg=V201   -> 'B\nPermission denied'
g=0x0d  arg=NIL    -> 'B\nPermission denied'
g=0x0d  arg=V8     -> 'B\nPermission denied'
g=0x0d  arg=V14    -> 'B\nPermission denied'
g=0x0d  arg=V201   -> 'B\nPermission denied'
g=0x0e  arg=NIL    -> 'B\nPermission denied'
g=0x0e  arg=V8     -> 'B\nPermission denied'
g=0x0e  arg=V14    -> 'B\nPermission denied'
g=0x0e  arg=V201   -> 'B\nPermission denied'
g=0x0f  arg=NIL    -> 'B\nPermission denied'
g=0x0f  arg=V8     -> 'B\nPermission denied'
g=0x0f  arg=V14    -> 'B\nPermission denied'
g=0x0f  arg=V201   -> 'B\nPermission denied'
g=0x10  arg=NIL    -> 'B\nPermission denied'
g=0x10  arg=V8     -> 'B\nPermission denied'
g=0x10  arg=V14    -> 'B\nPermission denied'
g=0x10  arg=V201   -> 'B\nPermission denied'
g=0x11  arg=NIL    -> 'B\nPermission denied'
g=0x11  arg=V8     -> 'B\nPermission denied'
g=0x11  arg=V14    -> 'B\nPermission denied'
g=0x11  arg=V201   -> 'B\nPermission denied'
g=0x12  arg=NIL    -> 'B\nPermission denied'
g=0x12  arg=V8     -> 'B\nPermission denied'
g=0x12  arg=V14    -> 'B\nPermission denied'
g=0x12  arg=V201   -> 'B\nPermission denied'
g=0x13  arg=NIL    -> 'B\nPermission denied'
g=0x13  arg=V8     -> 'B\nPermission denied'
g=0x13  arg=V14    -> 'B\nPermission denied'
g=0x13  arg=V201   -> 'B\nPermission denied'
g=0x14  arg=NIL    -> 'B\nPermission denied'
g=0x14  arg=V8     -> 'B\nPermission denied'
g=0x14  arg=V14    -> 'B\nPermission denied'
g=0x14  arg=V201   -> 'B\nPermission denied'
g=0x15  arg=NIL    -> 'B\nPermission denied'
g=0x15  arg=V8     -> 'B\nPermission denied'
g=0x15  arg=V14    -> 'B\nPermission denied'
g=0x15  arg=V201   -> 'B\nPermission denied'
g=0x16  arg=NIL    -> 'B\nPermission denied'
g=0x16  arg=V8     -> 'B\nPermission denied'
g=0x16  arg=V14    -> 'B\nPermission denied'
g=0x16  arg=V201   -> 'B\nPermission denied'
g=0x17  arg=NIL    -> 'B\nPermission denied'
g=0x17  arg=V8     -> 'B\nPermission denied'
g=0x17  arg=V14    -> 'B\nPermission denied'
g=0x17  arg=V201   -> 'B\nPermission denied'
g=0x18  arg=NIL    -> 'B\nPermission denied'
g=0x18  arg=V8     -> 'B\nPermission denied'
g=0x18  arg=V14    -> 'B\nPermission denied'
g=0x18  arg=V201   -> 'B\nPermission denied'
g=0x19  arg=NIL    -> 'B\nPermission denied'
g=0x19  arg=V8     -> 'B\nPermission denied'
g=0x19  arg=V14    -> 'B\nPermission denied'
g=0x19  arg=V201   -> 'B\nPermission denied'
g=0x1a  arg=NIL    -> 'B\nPermission denied'
g=0x1a  arg=V8     -> 'B\nPermission denied'
g=0x1a  arg=V14    -> 'B\nPermission denied'
g=0x1a  arg=V201   -> 'B\nPermission denied'
g=0x1b  arg=NIL    -> 'B\nPermission denied'
g=0x1b  arg=V8     -> 'B\nPermission denied'
g=0x1b  arg=V14    -> 'B\nPermission denied'
g=0x1b  arg=V201   -> 'B\nPermission denied'
g=0x1c  arg=NIL    -> 'B\nPermission denied'
g=0x1c  arg=V8     -> 'B\nPermission denied'
g=0x1c  arg=V14    -> 'B\nPermission denied'
g=0x1c  arg=V201   -> 'B\nPermission denied'
g=0x1d  arg=NIL    -> 'B\nPermission denied'
g=0x1d  arg=V8     -> 'B\nPermission denied'
g=0x1d  arg=V14    -> 'B\nPermission denied'
g=0x1d  arg=V201   -> 'B\nPermission denied'
g=0x1e  arg=NIL    -> 'B\nPermission denied'
g=0x1e  arg=V8     -> 'B\nPermission denied'
g=0x1e  arg=V14    -> 'B\nPermission denied'
g=0x1e  arg=V201   -> 'B\nPermission denied'
g=0x1f  arg=NIL    -> 'B\nPermission denied'
g=0x1f  arg=V8     -> 'B\nPermission denied'
g=0x1f  arg=V14    -> 'B\nPermission denied'
g=0x1f  arg=V201   -> 'B\nPermission denied'
g=0x20  arg=NIL    -> 'B\nPermission denied'
g=0x20  arg=V8     -> 'B\nPermission denied'
g=0x20  arg=V14    -> 'B\nPermission denied'
g=0x20  arg=V201   -> 'B\nPermission denied'
g=0x21  arg=NIL    -> 'B\nPermission denied'
g=0x21  arg=V8     -> 'B\nPermission denied'
g=0x21  arg=V14    -> 'B\nPermission denied'
g=0x21  arg=V201   -> 'B\nPermission denied'
g=0x22  arg=NIL    -> 'B\nPermission denied'
g=0x22  arg=V8     -> 'B\nPermission denied'
g=0x22  arg=V14    -> 'B\nPermission denied'
g=0x22  arg=V201   -> 'B\nPermission denied'
g=0x23  arg=NIL    -> 'B\nPermission denied'
g=0x23  arg=V8     -> 'B\nPermission denied'
g=0x23  arg=V14    -> 'B\nPermission denied'
g=0x23  arg=V201   -> 'B\nPermission denied'
g=0x24  arg=NIL    -> 'B\nPermission denied'
g=0x24  arg=V8     -> 'B\nPermission denied'
g=0x24  arg=V14    -> 'B\nPermission denied'
g=0x24  arg=V201   -> 'B\nPermission denied'
g=0x25  arg=NIL    -> 'B\nPermission denied'
g=0x25  arg=V8     -> 'B\nPermission denied'
g=0x25  arg=V14    -> 'B\nPermission denied'
g=0x25  arg=V201   -> 'B\nPermission denied'
g=0x26  arg=NIL    -> 'B\nPermission denied'
g=0x26  arg=V8     -> 'B\nPermission denied'
g=0x26  arg=V14    -> 'B\nPermission denied'
g=0x26  arg=V201   -> 'B\nPermission denied'
g=0x27  arg=NIL    -> 'B\nPermission denied'
g=0x27  arg=V8     -> 'B\nPermission denied'
g=0x27  arg=V14    -> 'B\nPermission denied'
g=0x27  arg=V201   -> 'B\nPermission denied'
g=0x28  arg=NIL    -> 'B\nPermission denied'
g=0x28  arg=V8     -> 'B\nPermission denied'
g=0x28  arg=V14    -> 'B\nPermission denied'
g=0x28  arg=V201   -> 'B\nPermission denied'
g=0x29  arg=NIL    -> 'B\nPermission denied'
g=0x29  arg=V8     -> 'B\nPermission denied'
g=0x29  arg=V14    -> 'B\nPermission denied'
g=0x29  arg=V201   -> 'B\nPermission denied'
g=0x2a  arg=NIL    -> 'B\nPermission denied'
g=0x2a  arg=V8     -> 'B\nPermission denied'
g=0x2a  arg=V14    -> 'B\nPermission denied'
g=0x2a  arg=V201   -> 'B\nPermission denied'
g=0x2b  arg=NIL    -> 'B\nPermission denied'
g=0x2b  arg=V8     -> 'B\nPermission denied'
g=0x2b  arg=V14    -> 'B\nPermission denied'
g=0x2b  arg=V201   -> 'B\nPermission denied'
g=0x2c  arg=NIL    -> 'B\nPermission denied'
g=0x2c  arg=V8     -> 'B\nPermission denied'
g=0x2c  arg=V14    -> 'B\nPermission denied'
g=0x2c  arg=V201   -> 'B\nPermission denied'
g=0x2d  arg=NIL    -> 'B\nPermission denied'
g=0x2d  arg=V8     -> 'B\nPermission denied'
g=0x2d  arg=V14    -> 'B\nPermission denied'
g=0x2d  arg=V201   -> 'B\nPermission denied'
g=0x2e  arg=NIL    -> 'B\nPermission denied'
g=0x2e  arg=V8     -> 'B\nPermission denied'
g=0x2e  arg=V14    -> 'B\nPermission denied'
g=0x2e  arg=V201   -> 'B\nPermission denied'
g=0x2f  arg=NIL    -> 'B\nPermission denied'
g=0x2f  arg=V8     -> 'B\nPermission denied'
g=0x2f  arg=V14    -> 'B\nPermission denied'
g=0x2f  arg=V201   -> 'B\nPermission denied'
g=0x30  arg=NIL    -> 'B\nPermission denied'
g=0x30  arg=V8     -> 'B\nPermission denied'
g=0x30  arg=V14    -> 'B\nPermission denied'
g=0x30  arg=V201   -> 'B\nPermission denied'
g=0x31  arg=NIL    -> 'B\nPermission denied'
g=0x31  arg=V8     -> 'B\nPermission denied'
g=0x31  arg=V14    -> 'B\nPermission denied'
g=0x31  arg=V201   -> 'B\nPermission denied'
g=0x32  arg=NIL    -> 'B\nPermission denied'
g=0x32  arg=V8     -> 'B\nPermission denied'
g=0x32  arg=V14    -> 'B\nPermission denied'
g=0x32  arg=V201   -> 'B\nPermission denied'
g=0x33  arg=NIL    -> 'B\nPermission denied'
g=0x33  arg=V8     -> 'B\nPermission denied'
g=0x33  arg=V14    -> 'B\nPermission denied'
g=0x33  arg=V201   -> 'B\nPermission denied'
g=0x34  arg=NIL    -> 'B\nPermission denied'
g=0x34  arg=V8     -> 'B\nPermission denied'
g=0x34  arg=V14    -> 'B\nPermission denied'
g=0x34  arg=V201   -> 'B\nPermission denied'
g=0x35  arg=NIL    -> 'B\nPermission denied'
g=0x35  arg=V8     -> 'B\nPermission denied'
g=0x35  arg=V14    -> 'B\nPermission denied'
g=0x35  arg=V201   -> 'B\nPermission denied'
g=0x36  arg=NIL    -> 'B\nPermission denied'
g=0x36  arg=V8     -> 'B\nPermission denied'
g=0x36  arg=V14    -> 'B\nPermission denied'
g=0x36  arg=V201   -> 'B\nPermission denied'
g=0x37  arg=NIL    -> 'B\nPermission denied'
g=0x37  arg=V8     -> 'B\nPermission denied'
g=0x37  arg=V14    -> 'B\nPermission denied'
g=0x37  arg=V201   -> 'B\nPermission denied'
g=0x38  arg=NIL    -> 'B\nPermission denied'
g=0x38  arg=V8     -> 'B\nPermission denied'
g=0x38  arg=V14    -> 'B\nPermission denied'
g=0x38  arg=V201   -> 'B\nPermission denied'
g=0x39  arg=NIL    -> 'B\nPermission denied'
g=0x39  arg=V8     -> 'B\nPermission denied'
g=0x39  arg=V14    -> 'B\nPermission denied'
g=0x39  arg=V201   -> 'B\nPermission denied'
g=0x3a  arg=NIL    -> 'B\nPermission denied'
g=0x3a  arg=V8     -> 'B\nPermission denied'
g=0x3a  arg=V14    -> 'B\nPermission denied'
g=0x3a  arg=V201   -> 'B\nPermission denied'
g=0x3b  arg=NIL    -> 'B\nPermission denied'
g=0x3b  arg=V8     -> 'B\nPermission denied'
g=0x3b  arg=V14    -> 'B\nPermission denied'
g=0x3b  arg=V201   -> 'B\nPermission denied'
g=0x3c  arg=NIL    -> 'B\nPermission denied'
g=0x3c  arg=V8     -> 'B\nPermission denied'
g=0x3c  arg=V14    -> 'B\nPermission denied'
g=0x3c  arg=V201   -> 'B\nPermission denied'
g=0x3d  arg=NIL    -> 'B\nPermission denied'
g=0x3d  arg=V8     -> 'B\nPermission denied'
g=0x3d  arg=V14    -> 'B\nPermission denied'
g=0x3d  arg=V201   -> 'B\nPermission denied'
g=0x3e  arg=NIL    -> 'B\nPermission denied'
g=0x3e  arg=V8     -> 'B\nPermission denied'
g=0x3e  arg=V14    -> 'B\nPermission denied'
g=0x3e  arg=V201   -> 'B\nPermission denied'
g=0x3f  arg=NIL    -> 'B\nPermission denied'
g=0x3f  arg=V8     -> 'B\nPermission denied'
g=0x3f  arg=V14    -> 'B\nPermission denied'
g=0x3f  arg=V201   -> 'B\nPermission denied'
g=0x40  arg=NIL    -> 'B\nPermission denied'
g=0x40  arg=V8     -> 'B\nPermission denied'
g=0x40  arg=V14    -> 'B\nPermission denied'
g=0x40  arg=V201   -> 'B\nPermission denied'
g=0x41  arg=NIL    -> 'B\nPermission denied'
g=0x41  arg=V8     -> 'B\nPermission denied'
g=0x41  arg=V14    -> 'B\nPermission denied'
g=0x41  arg=V201   -> 'B\nPermission denied'
g=0x42  arg=NIL    -> 'B\nPermission denied'
g=0x42  arg=V8     -> 'B\nPermission denied'
g=0x42  arg=V14    -> 'B\nPermission denied'
g=0x42  arg=V201   -> 'B\nPermission denied'
g=0x43  arg=NIL    -> 'B\nPermission denied'
g=0x43  arg=V8     -> 'B\nPermission denied'
g=0x43  arg=V14    -> 'B\nPermission denied'
g=0x43  arg=V201   -> 'B\nPermission denied'
g=0x44  arg=NIL    -> 'B\nPermission denied'
g=0x44  arg=V8     -> 'B\nPermission denied'
g=0x44  arg=V14    -> 'B\nPermission denied'
g=0x44  arg=V201   -> 'B\nPermission denied'
g=0x45  arg=NIL    -> 'B\nPermission denied'
g=0x45  arg=V8     -> 'B\nPermission denied'
g=0x45  arg=V14    -> 'B\nPermission denied'
g=0x45  arg=V201   -> 'B\nPermission denied'
g=0x46  arg=NIL    -> 'B\nPermission denied'
g=0x46  arg=V8     -> 'B\nPermission denied'
g=0x46  arg=V14    -> 'B\nPermission denied'
g=0x46  arg=V201   -> 'B\nPermission denied'
g=0x47  arg=NIL    -> 'B\nPermission denied'
g=0x47  arg=V8     -> 'B\nPermission denied'
g=0x47  arg=V14    -> 'B\nPermission denied'
g=0x47  arg=V201   -> 'B\nPermission denied'
g=0x48  arg=NIL    -> 'B\nPermission denied'
g=0x48  arg=V8     -> 'B\nPermission denied'
g=0x48  arg=V14    -> 'B\nPermission denied'
g=0x48  arg=V201   -> 'B\nPermission denied'
g=0x49  arg=NIL    -> 'B\nPermission denied'
g=0x49  arg=V8     -> 'B\nPermission denied'
g=0x49  arg=V14    -> 'B\nPermission denied'
g=0x49  arg=V201   -> 'B\nPermission denied'
g=0x4a  arg=NIL    -> 'B\nPermission denied'
g=0x4a  arg=V8     -> 'B\nPermission denied'
g=0x4a  arg=V14    -> 'B\nPermission denied'
g=0x4a  arg=V201   -> 'B\nPermission denied'
g=0x4b  arg=NIL    -> 'B\nPermission denied'
g=0x4b  arg=V8     -> 'B\nPermission denied'
g=0x4b  arg=V14    -> 'B\nPermission denied'
g=0x4b  arg=V201   -> 'B\nPermission denied'
g=0x4c  arg=NIL    -> 'B\nPermission denied'
g=0x4c  arg=V8     -> 'B\nPermission denied'
g=0x4c  arg=V14    -> 'B\nPermission denied'
g=0x4c  arg=V201   -> 'B\nPermission denied'
g=0x4d  arg=NIL    -> 'B\nPermission denied'
g=0x4d  arg=V8     -> 'B\nPermission denied'
g=0x4d  arg=V14    -> 'B\nPermission denied'
g=0x4d  arg=V201   -> 'B\nPermission denied'
g=0x4e  arg=NIL    -> 'B\nPermission denied'
g=0x4e  arg=V8     -> 'B\nPermission denied'
g=0x4e  arg=V14    -> 'B\nPermission denied'
g=0x4e  arg=V201   -> 'B\nPermission denied'
g=0x4f  arg=NIL    -> 'B\nPermission denied'
g=0x4f  arg=V8     -> 'B\nPermission denied'
g=0x4f  arg=V14    -> 'B\nPermission denied'
g=0x4f  arg=V201   -> 'B\nPermission denied'
g=0x50  arg=NIL    -> 'B\nPermission denied'
g=0x50  arg=V8     -> 'B\nPermission denied'
g=0x50  arg=V14    -> 'B\nPermission denied'
g=0x50  arg=V201   -> 'B\nPermission denied'
g=0x51  arg=NIL    -> 'B\nPermission denied'
g=0x51  arg=V8     -> 'B\nPermission denied'
g=0x51  arg=V14    -> 'B\nPermission denied'
g=0x51  arg=V201   -> 'B\nPermission denied'
g=0x52  arg=NIL    -> 'B\nPermission denied'
g=0x52  arg=V8     -> 'B\nPermission denied'
g=0x52  arg=V14    -> 'B\nPermission denied'
g=0x52  arg=V201   -> 'B\nPermission denied'
g=0x53  arg=NIL    -> 'B\nPermission denied'
g=0x53  arg=V8     -> 'B\nPermission denied'
g=0x53  arg=V14    -> 'B\nPermission denied'
g=0x53  arg=V201   -> 'B\nPermission denied'
g=0x54  arg=NIL    -> 'B\nPermission denied'
g=0x54  arg=V8     -> 'B\nPermission denied'
g=0x54  arg=V14    -> 'B\nPermission denied'
g=0x54  arg=V201   -> 'B\nPermission denied'
g=0x55  arg=NIL    -> 'B\nPermission denied'
g=0x55  arg=V8     -> 'B\nPermission denied'
g=0x55  arg=V14    -> 'B\nPermission denied'
g=0x55  arg=V201   -> 'B\nPermission denied'
g=0x56  arg=NIL    -> 'B\nPermission denied'
g=0x56  arg=V8     -> 'B\nPermission denied'
g=0x56  arg=V14    -> 'B\nPermission denied'
g=0x56  arg=V201   -> 'B\nPermission denied'
g=0x57  arg=NIL    -> 'B\nPermission denied'
g=0x57  arg=V8     -> 'B\nPermission denied'
g=0x57  arg=V14    -> 'B\nPermission denied'
g=0x57  arg=V201   -> 'B\nPermission denied'
g=0x58  arg=NIL    -> 'B\nPermission denied'
g=0x58  arg=V8     -> 'B\nPermission denied'
g=0x58  arg=V14    -> 'B\nPermission denied'
g=0x58  arg=V201   -> 'B\nPermission denied'
g=0x59  arg=NIL    -> 'B\nPermission denied'
g=0x59  arg=V8     -> 'B\nPermission denied'
g=0x59  arg=V14    -> 'B\nPermission denied'
g=0x59  arg=V201   -> 'B\nPermission denied'
g=0x5a  arg=NIL    -> 'B\nPermission denied'
g=0x5a  arg=V8     -> 'B\nPermission denied'
g=0x5a  arg=V14    -> 'B\nPermission denied'
g=0x5a  arg=V201   -> 'B\nPermission denied'
g=0x5b  arg=NIL    -> 'B\nPermission denied'
g=0x5b  arg=V8     -> 'B\nPermission denied'
g=0x5b  arg=V14    -> 'B\nPermission denied'
g=0x5b  arg=V201   -> 'B\nPermission denied'
g=0x5c  arg=NIL    -> 'B\nPermission denied'
g=0x5c  arg=V8     -> 'B\nPermission denied'
g=0x5c  arg=V14    -> 'B\nPermission denied'
g=0x5c  arg=V201   -> 'B\nPermission denied'
g=0x5d  arg=NIL    -> 'B\nPermission denied'
g=0x5d  arg=V8     -> 'B\nPermission denied'
g=0x5d  arg=V14    -> 'B\nPermission denied'
g=0x5d  arg=V201   -> 'B\nPermission denied'
g=0x5e  arg=NIL    -> 'B\nPermission denied'
g=0x5e  arg=V8     -> 'B\nPermission denied'
g=0x5e  arg=V14    -> 'B\nPermission denied'
g=0x5e  arg=V201   -> 'B\nPermission denied'
g=0x5f  arg=NIL    -> 'B\nPermission denied'
g=0x5f  arg=V8     -> 'B\nPermission denied'
g=0x5f  arg=V14    -> 'B\nPermission denied'
g=0x5f  arg=V201   -> 'B\nPermission denied'
g=0x60  arg=NIL    -> 'B\nPermission denied'
g=0x60  arg=V8     -> 'B\nPermission denied'
g=0x60  arg=V14    -> 'B\nPermission denied'
g=0x60  arg=V201   -> 'B\nPermission denied'
g=0x61  arg=NIL    -> 'B\nPermission denied'
g=0x61  arg=V8     -> 'B\nPermission denied'
g=0x61  arg=V14    -> 'B\nPermission denied'
g=0x61  arg=V201   -> 'B\nPermission denied'
g=0x62  arg=NIL    -> 'B\nPermission denied'
g=0x62  arg=V8     -> 'B\nPermission denied'
g=0x62  arg=V14    -> 'B\nPermission denied'
g=0x62  arg=V201   -> 'B\nPermission denied'
g=0x63  arg=NIL    -> 'B\nPermission denied'
g=0x63  arg=V8     -> 'B\nPermission denied'
g=0x63  arg=V14    -> 'B\nPermission denied'
g=0x63  arg=V201   -> 'B\nPermission denied'
g=0x64  arg=NIL    -> 'B\nPermission denied'
g=0x64  arg=V8     -> 'B\nPermission denied'
g=0x64  arg=V14    -> 'B\nPermission denied'
g=0x64  arg=V201   -> 'B\nPermission denied'
g=0x65  arg=NIL    -> 'B\nPermission denied'
g=0x65  arg=V8     -> 'B\nPermission denied'
g=0x65  arg=V14    -> 'B\nPermission denied'
g=0x65  arg=V201   -> 'B\nPermission denied'
g=0x66  arg=NIL    -> 'B\nPermission denied'
g=0x66  arg=V8     -> 'B\nPermission denied'
g=0x66  arg=V14    -> 'B\nPermission denied'
g=0x66  arg=V201   -> 'B\nPermission denied'
g=0x67  arg=NIL    -> 'B\nPermission denied'
g=0x67  arg=V8     -> 'B\nPermission denied'
g=0x67  arg=V14    -> 'B\nPermission denied'
g=0x67  arg=V201   -> 'B\nPermission denied'
g=0x68  arg=NIL    -> 'B\nPermission denied'
g=0x68  arg=V8     -> 'B\nPermission denied'
g=0x68  arg=V14    -> 'B\nPermission denied'
g=0x68  arg=V201   -> 'B\nPermission denied'
g=0x69  arg=NIL    -> 'B\nPermission denied'
g=0x69  arg=V8     -> 'B\nPermission denied'
g=0x69  arg=V14    -> 'B\nPermission denied'
g=0x69  arg=V201   -> 'B\nPermission denied'
g=0x6a  arg=NIL    -> 'B\nPermission denied'
g=0x6a  arg=V8     -> 'B\nPermission denied'
g=0x6a  arg=V14    -> 'B\nPermission denied'
g=0x6a  arg=V201   -> 'B\nPermission denied'
g=0x6b  arg=NIL    -> 'B\nPermission denied'
g=0x6b  arg=V8     -> 'B\nPermission denied'
g=0x6b  arg=V14    -> 'B\nPermission denied'
g=0x6b  arg=V201   -> 'B\nPermission denied'
g=0x6c  arg=NIL    -> 'B\nPermission denied'
g=0x6c  arg=V8     -> 'B\nPermission denied'
g=0x6c  arg=V14    -> 'B\nPermission denied'
g=0x6c  arg=V201   -> 'B\nPermission denied'
g=0x6d  arg=NIL    -> 'B\nPermission denied'
g=0x6d  arg=V8     -> 'B\nPermission denied'
g=0x6d  arg=V14    -> 'B\nPermission denied'
g=0x6d  arg=V201   -> 'B\nPermission denied'
g=0x6e  arg=NIL    -> 'B\nPermission denied'
g=0x6e  arg=V8     -> 'B\nPermission denied'
g=0x6e  arg=V14    -> 'B\nPermission denied'
g=0x6e  arg=V201   -> 'B\nPermission denied'
g=0x6f  arg=NIL    -> 'B\nPermission denied'
g=0x6f  arg=V8     -> 'B\nPermission denied'
g=0x6f  arg=V14    -> 'B\nPermission denied'
g=0x6f  arg=V201   -> 'B\nPermission denied'
g=0x70  arg=NIL    -> 'B\nPermission denied'
g=0x70  arg=V8     -> 'B\nPermission denied'
g=0x70  arg=V14    -> 'B\nPermission denied'
g=0x70  arg=V201   -> 'B\nPermission denied'
g=0x71  arg=NIL    -> 'B\nPermission denied'
g=0x71  arg=V8     -> 'B\nPermission denied'
g=0x71  arg=V14    -> 'B\nPermission denied'
g=0x71  arg=V201   -> 'B\nPermission denied'
g=0x72  arg=NIL    -> 'B\nPermission denied'
g=0x72  arg=V8     -> 'B\nPermission denied'
g=0x72  arg=V14    -> 'B\nPermission denied'
g=0x72  arg=V201   -> 'B\nPermission denied'
g=0x73  arg=NIL    -> 'B\nPermission denied'
g=0x73  arg=V8     -> 'B\nPermission denied'
g=0x73  arg=V14    -> 'B\nPermission denied'
g=0x73  arg=V201   -> 'B\nPermission denied'
g=0x74  arg=NIL    -> 'B\nPermission denied'
g=0x74  arg=V8     -> 'B\nPermission denied'
g=0x74  arg=V14    -> 'B\nPermission denied'
g=0x74  arg=V201   -> 'B\nPermission denied'
g=0x75  arg=NIL    -> 'B\nPermission denied'
g=0x75  arg=V8     -> 'B\nPermission denied'
g=0x75  arg=V14    -> 'B\nPermission denied'
g=0x75  arg=V201   -> 'B\nPermission denied'
g=0x76  arg=NIL    -> 'B\nPermission denied'
g=0x76  arg=V8     -> 'B\nPermission denied'
g=0x76  arg=V14    -> 'B\nPermission denied'
g=0x76  arg=V201   -> 'B\nPermission denied'
g=0x77  arg=NIL    -> 'B\nPermission denied'
g=0x77  arg=V8     -> 'B\nPermission denied'
g=0x77  arg=V14    -> 'B\nPermission denied'
g=0x77  arg=V201   -> 'B\nPermission denied'
g=0x78  arg=NIL    -> 'B\nPermission denied'
g=0x78  arg=V8     -> 'B\nPermission denied'
g=0x78  arg=V14    -> 'B\nPermission denied'
g=0x78  arg=V201   -> 'B\nPermission denied'
g=0x79  arg=NIL    -> 'B\nPermission denied'
g=0x79  arg=V8     -> 'B\nPermission denied'
g=0x79  arg=V14    -> 'B\nPermission denied'
g=0x79  arg=V201   -> 'B\nPermission denied'
g=0x7a  arg=NIL    -> 'B\nPermission denied'
g=0x7a  arg=V8     -> 'B\nPermission denied'
g=0x7a  arg=V14    -> 'B\nPermission denied'
g=0x7a  arg=V201   -> 'B\nPermission denied'
g=0x7b  arg=NIL    -> 'B\nPermission denied'
g=0x7b  arg=V8     -> 'B\nPermission denied'
g=0x7b  arg=V14    -> 'B\nPermission denied'
g=0x7b  arg=V201   -> 'B\nPermission denied'
g=0x7c  arg=NIL    -> 'B\nPermission denied'
g=0x7c  arg=V8     -> 'B\nPermission denied'
g=0x7c  arg=V14    -> 'B\nPermission denied'
g=0x7c  arg=V201   -> 'B\nPermission denied'
g=0x7d  arg=NIL    -> 'B\nPermission denied'
g=0x7d  arg=V8     -> 'B\nPermission denied'
g=0x7d  arg=V14    -> 'B\nPermission denied'
g=0x7d  arg=V201   -> 'B\nPermission denied'
g=0x7e  arg=NIL    -> 'B\nPermission denied'
g=0x7e  arg=V8     -> 'B\nPermission denied'
g=0x7e  arg=V14    -> 'B\nPermission denied'
g=0x7e  arg=V201   -> 'B\nPermission denied'
g=0x7f  arg=NIL    -> 'B\nPermission denied'
g=0x7f  arg=V8     -> 'B\nPermission denied'
g=0x7f  arg=V14    -> 'B\nPermission denied'
g=0x7f  arg=V201   -> 'B\nPermission denied'
g=0x80  arg=NIL    -> 'B\nPermission denied'
g=0x80  arg=V8     -> 'B\nPermission denied'
g=0x80  arg=V14    -> 'B\nPermission denied'
g=0x80  arg=V201   -> 'B\nPermission denied'
g=0x81  arg=NIL    -> 'B\nPermission denied'
g=0x81  arg=V8     -> 'B\nPermission denied'
g=0x81  arg=V14    -> 'B\nPermission denied'
g=0x81  arg=V201   -> 'B\nPermission denied'
g=0x82  arg=NIL    -> 'B\nPermission denied'
g=0x82  arg=V8     -> 'B\nPermission denied'
g=0x82  arg=V14    -> 'B\nPermission denied'
g=0x82  arg=V201   -> 'B\nPermission denied'
g=0x83  arg=NIL    -> 'B\nPermission denied'
g=0x83  arg=V8     -> 'B\nPermission denied'
g=0x83  arg=V14    -> 'B\nPermission denied'
g=0x83  arg=V201   -> 'B\nPermission denied'
g=0x84  arg=NIL    -> 'B\nPermission denied'
g=0x84  arg=V8     -> 'B\nPermission denied'
g=0x84  arg=V14    -> 'B\nPermission denied'
g=0x84  arg=V201   -> 'B\nPermission denied'
g=0x85  arg=NIL    -> 'B\nPermission denied'
g=0x85  arg=V8     -> 'B\nPermission denied'
g=0x85  arg=V14    -> 'B\nPermission denied'
g=0x85  arg=V201   -> 'B\nPermission denied'
g=0x86  arg=NIL    -> 'B\nPermission denied'
g=0x86  arg=V8     -> 'B\nPermission denied'
g=0x86  arg=V14    -> 'B\nPermission denied'
g=0x86  arg=V201   -> 'B\nPermission denied'
g=0x87  arg=NIL    -> 'B\nPermission denied'
g=0x87  arg=V8     -> 'B\nPermission denied'
g=0x87  arg=V14    -> 'B\nPermission denied'
g=0x87  arg=V201   -> 'B\nPermission denied'
g=0x88  arg=NIL    -> 'B\nPermission denied'
g=0x88  arg=V8     -> 'B\nPermission denied'
g=0x88  arg=V14    -> 'B\nPermission denied'
g=0x88  arg=V201   -> 'B\nPermission denied'
g=0x89  arg=NIL    -> 'B\nPermission denied'
g=0x89  arg=V8     -> 'B\nPermission denied'
g=0x89  arg=V14    -> 'B\nPermission denied'
g=0x89  arg=V201   -> 'B\nPermission denied'
g=0x8a  arg=NIL    -> 'B\nPermission denied'
g=0x8a  arg=V8     -> 'B\nPermission denied'
g=0x8a  arg=V14    -> 'B\nPermission denied'
g=0x8a  arg=V201   -> 'B\nPermission denied'
g=0x8b  arg=NIL    -> 'B\nPermission denied'
g=0x8b  arg=V8     -> 'B\nPermission denied'
g=0x8b  arg=V14    -> 'B\nPermission denied'
g=0x8b  arg=V201   -> 'B\nPermission denied'
g=0x8c  arg=NIL    -> 'B\nPermission denied'
g=0x8c  arg=V8     -> 'B\nPermission denied'
g=0x8c  arg=V14    -> 'B\nPermission denied'
g=0x8c  arg=V201   -> 'B\nPermission denied'
g=0x8d  arg=NIL    -> 'B\nPermission denied'
g=0x8d  arg=V8     -> 'B\nPermission denied'
g=0x8d  arg=V14    -> 'B\nPermission denied'
g=0x8d  arg=V201   -> 'B\nPermission denied'
g=0x8e  arg=NIL    -> 'B\nPermission denied'
g=0x8e  arg=V8     -> 'B\nPermission denied'
g=0x8e  arg=V14    -> 'B\nPermission denied'
g=0x8e  arg=V201   -> 'B\nPermission denied'
g=0x8f  arg=NIL    -> 'B\nPermission denied'
g=0x8f  arg=V8     -> 'B\nPermission denied'
g=0x8f  arg=V14    -> 'B\nPermission denied'
g=0x8f  arg=V201   -> 'B\nPermission denied'
g=0x90  arg=NIL    -> 'B\nPermission denied'
g=0x90  arg=V8     -> 'B\nPermission denied'
g=0x90  arg=V14    -> 'B\nPermission denied'
g=0x90  arg=V201   -> 'B\nPermission denied'
g=0x91  arg=NIL    -> 'B\nPermission denied'
g=0x91  arg=V8     -> 'B\nPermission denied'
g=0x91  arg=V14    -> 'B\nPermission denied'
g=0x91  arg=V201   -> 'B\nPermission denied'
g=0x92  arg=NIL    -> 'B\nPermission denied'
g=0x92  arg=V8     -> 'B\nPermission denied'
g=0x92  arg=V14    -> 'B\nPermission denied'
g=0x92  arg=V201   -> 'B\nPermission denied'
g=0x93  arg=NIL    -> 'B\nPermission denied'
g=0x93  arg=V8     -> 'B\nPermission denied'
g=0x93  arg=V14    -> 'B\nPermission denied'
g=0x93  arg=V201   -> 'B\nPermission denied'
g=0x94  arg=NIL    -> 'B\nPermission denied'
g=0x94  arg=V8     -> 'B\nPermission denied'
g=0x94  arg=V14    -> 'B\nPermission denied'
g=0x94  arg=V201   -> 'B\nPermission denied'
g=0x95  arg=NIL    -> 'B\nPermission denied'
g=0x95  arg=V8     -> 'B\nPermission denied'
g=0x95  arg=V14    -> 'B\nPermission denied'
g=0x95  arg=V201   -> 'B\nPermission denied'
g=0x96  arg=NIL    -> 'B\nPermission denied'
g=0x96  arg=V8     -> 'B\nPermission denied'
g=0x96  arg=V14    -> 'B\nPermission denied'
g=0x96  arg=V201   -> 'B\nPermission denied'
g=0x97  arg=NIL    -> 'B\nPermission denied'
g=0x97  arg=V8     -> 'B\nPermission denied'
g=0x97  arg=V14    -> 'B\nPermission denied'
g=0x97  arg=V201   -> 'B\nPermission denied'
g=0x98  arg=NIL    -> 'B\nPermission denied'
g=0x98  arg=V8     -> 'B\nPermission denied'
g=0x98  arg=V14    -> 'B\nPermission denied'
g=0x98  arg=V201   -> 'B\nPermission denied'
g=0x99  arg=NIL    -> 'B\nPermission denied'
g=0x99  arg=V8     -> 'B\nPermission denied'
g=0x99  arg=V14    -> 'B\nPermission denied'
g=0x99  arg=V201   -> 'B\nPermission denied'
g=0x9a  arg=NIL    -> 'B\nPermission denied'
g=0x9a  arg=V8     -> 'B\nPermission denied'
g=0x9a  arg=V14    -> 'B\nPermission denied'
g=0x9a  arg=V201   -> 'B\nPermission denied'
g=0x9b  arg=NIL    -> 'B\nPermission denied'
g=0x9b  arg=V8     -> 'B\nPermission denied'
g=0x9b  arg=V14    -> 'B\nPermission denied'
g=0x9b  arg=V201   -> 'B\nPermission denied'
g=0x9c  arg=NIL    -> 'B\nPermission denied'
g=0x9c  arg=V8     -> 'B\nPermission denied'
g=0x9c  arg=V14    -> 'B\nPermission denied'
g=0x9c  arg=V201   -> 'B\nPermission denied'
g=0x9d  arg=NIL    -> 'B\nPermission denied'
g=0x9d  arg=V8     -> 'B\nPermission denied'
g=0x9d  arg=V14    -> 'B\nPermission denied'
g=0x9d  arg=V201   -> 'B\nPermission denied'
g=0x9e  arg=NIL    -> 'B\nPermission denied'
g=0x9e  arg=V8     -> 'B\nPermission denied'
g=0x9e  arg=V14    -> 'B\nPermission denied'
g=0x9e  arg=V201   -> 'B\nPermission denied'
g=0x9f  arg=NIL    -> 'B\nPermission denied'
g=0x9f  arg=V8     -> 'B\nPermission denied'
g=0x9f  arg=V14    -> 'B\nPermission denied'
g=0x9f  arg=V201   -> 'B\nPermission denied'
g=0xa0  arg=NIL    -> 'B\nPermission denied'
g=0xa0  arg=V8     -> 'B\nPermission denied'
g=0xa0  arg=V14    -> 'B\nPermission denied'
g=0xa0  arg=V201   -> 'B\nPermission denied'
g=0xa1  arg=NIL    -> 'B\nPermission denied'
g=0xa1  arg=V8     -> 'B\nPermission denied'
g=0xa1  arg=V14    -> 'B\nPermission denied'
g=0xa1  arg=V201   -> 'B\nPermission denied'
g=0xa2  arg=NIL    -> 'B\nPermission denied'
g=0xa2  arg=V8     -> 'B\nPermission denied'
g=0xa2  arg=V14    -> 'B\nPermission denied'
g=0xa2  arg=V201   -> 'B\nPermission denied'
g=0xa3  arg=NIL    -> 'B\nPermission denied'
g=0xa3  arg=V8     -> 'B\nPermission denied'
g=0xa3  arg=V14    -> 'B\nPermission denied'
g=0xa3  arg=V201   -> 'B\nPermission denied'
g=0xa4  arg=NIL    -> 'B\nPermission denied'
g=0xa4  arg=V8     -> 'B\nPermission denied'
g=0xa4  arg=V14    -> 'B\nPermission denied'
g=0xa4  arg=V201   -> 'B\nPermission denied'
g=0xa5  arg=NIL    -> 'B\nPermission denied'
g=0xa5  arg=V8     -> 'B\nPermission denied'
g=0xa5  arg=V14    -> 'B\nPermission denied'
g=0xa5  arg=V201   -> 'B\nPermission denied'
g=0xa6  arg=NIL    -> 'B\nPermission denied'
g=0xa6  arg=V8     -> 'B\nPermission denied'
g=0xa6  arg=V14    -> 'B\nPermission denied'
g=0xa6  arg=V201   -> 'B\nPermission denied'
g=0xa7  arg=NIL    -> 'B\nPermission denied'
g=0xa7  arg=V8     -> 'B\nPermission denied'
g=0xa7  arg=V14    -> 'B\nPermission denied'
g=0xa7  arg=V201   -> 'B\nPermission denied'
g=0xa8  arg=NIL    -> 'B\nPermission denied'
g=0xa8  arg=V8     -> 'B\nPermission denied'
g=0xa8  arg=V14    -> 'B\nPermission denied'
g=0xa8  arg=V201   -> 'B\nPermission denied'
g=0xa9  arg=NIL    -> 'B\nPermission denied'
g=0xa9  arg=V8     -> 'B\nPermission denied'
g=0xa9  arg=V14    -> 'B\nPermission denied'
g=0xa9  arg=V201   -> 'B\nPermission denied'
g=0xaa  arg=NIL    -> 'B\nPermission denied'
g=0xaa  arg=V8     -> 'B\nPermission denied'
g=0xaa  arg=V14    -> 'B\nPermission denied'
g=0xaa  arg=V201   -> 'B\nPermission denied'
g=0xab  arg=NIL    -> 'B\nPermission denied'
g=0xab  arg=V8     -> 'B\nPermission denied'
g=0xab  arg=V14    -> 'B\nPermission denied'
g=0xab  arg=V201   -> 'B\nPermission denied'
g=0xac  arg=NIL    -> 'B\nPermission denied'
g=0xac  arg=V8     -> 'B\nPermission denied'
g=0xac  arg=V14    -> 'B\nPermission denied'
g=0xac  arg=V201   -> 'B\nPermission denied'
g=0xad  arg=NIL    -> 'B\nPermission denied'
g=0xad  arg=V8     -> 'B\nPermission denied'
g=0xad  arg=V14    -> 'B\nPermission denied'
g=0xad  arg=V201   -> 'B\nPermission denied'
g=0xae  arg=NIL    -> 'B\nPermission denied'
g=0xae  arg=V8     -> 'B\nPermission denied'
g=0xae  arg=V14    -> 'B\nPermission denied'
g=0xae  arg=V201   -> 'B\nPermission denied'
g=0xaf  arg=NIL    -> 'B\nPermission denied'
g=0xaf  arg=V8     -> 'B\nPermission denied'
g=0xaf  arg=V14    -> 'B\nPermission denied'
g=0xaf  arg=V201   -> 'B\nPermission denied'
g=0xb0  arg=NIL    -> 'B\nPermission denied'
g=0xb0  arg=V8     -> 'B\nPermission denied'
g=0xb0  arg=V14    -> 'B\nPermission denied'
g=0xb0  arg=V201   -> 'B\nPermission denied'
g=0xb1  arg=NIL    -> 'B\nPermission denied'
g=0xb1  arg=V8     -> 'B\nPermission denied'
g=0xb1  arg=V14    -> 'B\nPermission denied'
g=0xb1  arg=V201   -> 'B\nPermission denied'
g=0xb2  arg=NIL    -> 'B\nPermission denied'
g=0xb2  arg=V8     -> 'B\nPermission denied'
g=0xb2  arg=V14    -> 'B\nPermission denied'
g=0xb2  arg=V201   -> 'B\nPermission denied'
g=0xb3  arg=NIL    -> 'B\nPermission denied'
g=0xb3  arg=V8     -> 'B\nPermission denied'
g=0xb3  arg=V14    -> 'B\nPermission denied'
g=0xb3  arg=V201   -> 'B\nPermission denied'
g=0xb4  arg=NIL    -> 'B\nPermission denied'
g=0xb4  arg=V8     -> 'B\nPermission denied'
g=0xb4  arg=V14    -> 'B\nPermission denied'
g=0xb4  arg=V201   -> 'B\nPermission denied'
g=0xb5  arg=NIL    -> 'B\nPermission denied'
g=0xb5  arg=V8     -> 'B\nPermission denied'
g=0xb5  arg=V14    -> 'B\nPermission denied'
g=0xb5  arg=V201   -> 'B\nPermission denied'
g=0xb6  arg=NIL    -> 'B\nPermission denied'
g=0xb6  arg=V8     -> 'B\nPermission denied'
g=0xb6  arg=V14    -> 'B\nPermission denied'
g=0xb6  arg=V201   -> 'B\nPermission denied'
g=0xb7  arg=NIL    -> 'B\nPermission denied'
g=0xb7  arg=V8     -> 'B\nPermission denied'
g=0xb7  arg=V14    -> 'B\nPermission denied'
g=0xb7  arg=V201   -> 'B\nPermission denied'
g=0xb8  arg=NIL    -> 'B\nPermission denied'
g=0xb8  arg=V8     -> 'B\nPermission denied'
g=0xb8  arg=V14    -> 'B\nPermission denied'
g=0xb8  arg=V201   -> 'B\nPermission denied'
g=0xb9  arg=NIL    -> 'B\nPermission denied'
g=0xb9  arg=V8     -> 'B\nPermission denied'
g=0xb9  arg=V14    -> 'B\nPermission denied'
g=0xb9  arg=V201   -> 'B\nPermission denied'
g=0xba  arg=NIL    -> 'B\nPermission denied'
g=0xba  arg=V8     -> 'B\nPermission denied'
g=0xba  arg=V14    -> 'B\nPermission denied'
g=0xba  arg=V201   -> 'B\nPermission denied'
g=0xbb  arg=NIL    -> 'B\nPermission denied'
g=0xbb  arg=V8     -> 'B\nPermission denied'
g=0xbb  arg=V14    -> 'B\nPermission denied'
g=0xbb  arg=V201   -> 'B\nPermission denied'
g=0xbc  arg=NIL    -> 'B\nPermission denied'
g=0xbc  arg=V8     -> 'B\nPermission denied'
g=0xbc  arg=V14    -> 'B\nPermission denied'
g=0xbc  arg=V201   -> 'B\nPermission denied'
g=0xbd  arg=NIL    -> 'B\nPermission denied'
g=0xbd  arg=V8     -> 'B\nPermission denied'
g=0xbd  arg=V14    -> 'B\nPermission denied'
g=0xbd  arg=V201   -> 'B\nPermission denied'
g=0xbe  arg=NIL    -> 'B\nPermission denied'
g=0xbe  arg=V8     -> 'B\nPermission denied'
g=0xbe  arg=V14    -> 'B\nPermission denied'
g=0xbe  arg=V201   -> 'B\nPermission denied'
g=0xbf  arg=NIL    -> 'B\nPermission denied'
g=0xbf  arg=V8     -> 'B\nPermission denied'
g=0xbf  arg=V14    -> 'B\nPermission denied'
g=0xbf  arg=V201   -> 'B\nPermission denied'
g=0xc0  arg=NIL    -> 'B\nPermission denied'
g=0xc0  arg=V8     -> 'B\nPermission denied'
g=0xc0  arg=V14    -> 'B\nPermission denied'
g=0xc0  arg=V201   -> 'B\nPermission denied'
g=0xc1  arg=NIL    -> 'B\nPermission denied'
g=0xc1  arg=V8     -> 'B\nPermission denied'
g=0xc1  arg=V14    -> 'B\nPermission denied'
g=0xc1  arg=V201   -> 'B\nPermission denied'
g=0xc2  arg=NIL    -> 'B\nPermission denied'
g=0xc2  arg=V8     -> 'B\nPermission denied'
g=0xc2  arg=V14    -> 'B\nPermission denied'
g=0xc2  arg=V201   -> 'B\nPermission denied'
g=0xc3  arg=NIL    -> 'B\nPermission denied'
g=0xc3  arg=V8     -> 'B\nPermission denied'
g=0xc3  arg=V14    -> 'B\nPermission denied'
g=0xc3  arg=V201   -> 'B\nPermission denied'
g=0xc4  arg=NIL    -> 'B\nPermission denied'
g=0xc4  arg=V8     -> 'B\nPermission denied'
g=0xc4  arg=V14    -> 'B\nPermission denied'
g=0xc4  arg=V201   -> 'B\nPermission denied'
g=0xc5  arg=NIL    -> 'B\nPermission denied'
g=0xc5  arg=V8     -> 'B\nPermission denied'
g=0xc5  arg=V14    -> 'B\nPermission denied'
g=0xc5  arg=V201   -> 'B\nPermission denied'
g=0xc6  arg=NIL    -> 'B\nPermission denied'
g=0xc6  arg=V8     -> 'B\nPermission denied'
g=0xc6  arg=V14    -> 'B\nPermission denied'
g=0xc6  arg=V201   -> 'B\nPermission denied'
g=0xc7  arg=NIL    -> 'B\nPermission denied'
g=0xc7  arg=V8     -> 'B\nPermission denied'
g=0xc7  arg=V14    -> 'B\nPermission denied'
g=0xc7  arg=V201   -> 'B\nPermission denied'
g=0xc8  arg=NIL    -> 'B\nPermission denied'
g=0xc8  arg=V8     -> 'B\nPermission denied'
g=0xc8  arg=V14    -> 'B\nPermission denied'
g=0xc8  arg=V201   -> 'B\nPermission denied'
g=0xc9  arg=NIL    -> 'B\nPermission denied'
g=0xc9  arg=V8     -> 'B\nPermission denied'
g=0xc9  arg=V14    -> 'B\nPermission denied'
g=0xc9  arg=V201   -> 'B\nPermission denied'
g=0xca  arg=NIL    -> 'B\nPermission denied'
g=0xca  arg=V8     -> 'B\nPermission denied'
g=0xca  arg=V14    -> 'B\nPermission denied'
g=0xca  arg=V201   -> 'B\nPermission denied'
g=0xcb  arg=NIL    -> 'B\nPermission denied'
g=0xcb  arg=V8     -> 'B\nPermission denied'
g=0xcb  arg=V14    -> 'B\nPermission denied'
g=0xcb  arg=V201   -> 'B\nPermission denied'
g=0xcc  arg=NIL    -> 'B\nPermission denied'
g=0xcc  arg=V8     -> 'B\nPermission denied'
g=0xcc  arg=V14    -> 'B\nPermission denied'
g=0xcc  arg=V201   -> 'B\nPermission denied'
g=0xcd  arg=NIL    -> 'B\nPermission denied'
g=0xcd  arg=V8     -> 'B\nPermission denied'
g=0xcd  arg=V14    -> 'B\nPermission denied'
g=0xcd  arg=V201   -> 'B\nPermission denied'
g=0xce  arg=NIL    -> 'B\nPermission denied'
g=0xce  arg=V8     -> 'B\nPermission denied'
g=0xce  arg=V14    -> 'B\nPermission denied'
g=0xce  arg=V201   -> 'B\nPermission denied'
g=0xcf  arg=NIL    -> 'B\nPermission denied'
g=0xcf  arg=V8     -> 'B\nPermission denied'
g=0xcf  arg=V14    -> 'B\nPermission denied'
g=0xcf  arg=V201   -> 'B\nPermission denied'
g=0xd0  arg=NIL    -> 'B\nPermission denied'
g=0xd0  arg=V8     -> 'B\nPermission denied'
g=0xd0  arg=V14    -> 'B\nPermission denied'
g=0xd0  arg=V201   -> 'B\nPermission denied'
g=0xd1  arg=NIL    -> 'B\nPermission denied'
g=0xd1  arg=V8     -> 'B\nPermission denied'
g=0xd1  arg=V14    -> 'B\nPermission denied'
g=0xd1  arg=V201   -> 'B\nPermission denied'
g=0xd2  arg=NIL    -> 'B\nPermission denied'
g=0xd2  arg=V8     -> 'B\nPermission denied'
g=0xd2  arg=V14    -> 'B\nPermission denied'
g=0xd2  arg=V201   -> 'B\nPermission denied'
g=0xd3  arg=NIL    -> 'B\nPermission denied'
g=0xd3  arg=V8     -> 'B\nPermission denied'
g=0xd3  arg=V14    -> 'B\nPermission denied'
g=0xd3  arg=V201   -> 'B\nPermission denied'
g=0xd4  arg=NIL    -> 'B\nPermission denied'
g=0xd4  arg=V8     -> 'B\nPermission denied'
g=0xd4  arg=V14    -> 'B\nPermission denied'
g=0xd4  arg=V201   -> 'B\nPermission denied'
g=0xd5  arg=NIL    -> 'B\nPermission denied'
g=0xd5  arg=V8     -> 'B\nPermission denied'
g=0xd5  arg=V14    -> 'B\nPermission denied'
g=0xd5  arg=V201   -> 'B\nPermission denied'
g=0xd6  arg=NIL    -> 'B\nPermission denied'
g=0xd6  arg=V8     -> 'B\nPermission denied'
g=0xd6  arg=V14    -> 'B\nPermission denied'
g=0xd6  arg=V201   -> 'B\nPermission denied'
g=0xd7  arg=NIL    -> 'B\nPermission denied'
g=0xd7  arg=V8     -> 'B\nPermission denied'
g=0xd7  arg=V14    -> 'B\nPermission denied'
g=0xd7  arg=V201   -> 'B\nPermission denied'
g=0xd8  arg=NIL    -> 'B\nPermission denied'
g=0xd8  arg=V8     -> 'B\nPermission denied'
g=0xd8  arg=V14    -> 'B\nPermission denied'
g=0xd8  arg=V201   -> 'B\nPermission denied'
g=0xd9  arg=NIL    -> 'B\nPermission denied'
g=0xd9  arg=V8     -> 'B\nPermission denied'
g=0xd9  arg=V14    -> 'B\nPermission denied'
g=0xd9  arg=V201   -> 'B\nPermission denied'
g=0xda  arg=NIL    -> 'B\nPermission denied'
g=0xda  arg=V8     -> 'B\nPermission denied'
g=0xda  arg=V14    -> 'B\nPermission denied'
g=0xda  arg=V201   -> 'B\nPermission denied'
g=0xdb  arg=NIL    -> 'B\nPermission denied'
g=0xdb  arg=V8     -> 'B\nPermission denied'
g=0xdb  arg=V14    -> 'B\nPermission denied'
g=0xdb  arg=V201   -> 'B\nPermission denied'
g=0xdc  arg=NIL    -> 'B\nPermission denied'
g=0xdc  arg=V8     -> 'B\nPermission denied'
g=0xdc  arg=V14    -> 'B\nPermission denied'
g=0xdc  arg=V201   -> 'B\nPermission denied'
g=0xdd  arg=NIL    -> 'B\nPermission denied'
g=0xdd  arg=V8     -> 'B\nPermission denied'
g=0xdd  arg=V14    -> 'B\nPermission denied'
g=0xdd  arg=V201   -> 'B\nPermission denied'
g=0xde  arg=NIL    -> 'B\nPermission denied'
g=0xde  arg=V8     -> 'B\nPermission denied'
g=0xde  arg=V14    -> 'B\nPermission denied'
g=0xde  arg=V201   -> 'B\nPermission denied'
g=0xdf  arg=NIL    -> 'B\nPermission denied'
g=0xdf  arg=V8     -> 'B\nPermission denied'
g=0xdf  arg=V14    -> 'B\nPermission denied'
g=0xdf  arg=V201   -> 'B\nPermission denied'
g=0xe0  arg=NIL    -> 'B\nPermission denied'
g=0xe0  arg=V8     -> 'B\nPermission denied'
g=0xe0  arg=V14    -> 'B\nPermission denied'
g=0xe0  arg=V201   -> 'B\nPermission denied'
g=0xe1  arg=NIL    -> 'B\nPermission denied'
g=0xe1  arg=V8     -> 'B\nPermission denied'
g=0xe1  arg=V14    -> 'B\nPermission denied'
g=0xe1  arg=V201   -> 'B\nPermission denied'
g=0xe2  arg=NIL    -> 'B\nPermission denied'
g=0xe2  arg=V8     -> 'B\nPermission denied'
g=0xe2  arg=V14    -> 'B\nPermission denied'
g=0xe2  arg=V201   -> 'B\nPermission denied'
g=0xe3  arg=NIL    -> 'B\nPermission denied'
g=0xe3  arg=V8     -> 'B\nPermission denied'
g=0xe3  arg=V14    -> 'B\nPermission denied'
g=0xe3  arg=V201   -> 'B\nPermission denied'
g=0xe4  arg=NIL    -> 'B\nPermission denied'
g=0xe4  arg=V8     -> 'B\nPermission denied'
g=0xe4  arg=V14    -> 'B\nPermission denied'
g=0xe4  arg=V201   -> 'B\nPermission denied'
g=0xe5  arg=NIL    -> 'B\nPermission denied'
g=0xe5  arg=V8     -> 'B\nPermission denied'
g=0xe5  arg=V14    -> 'B\nPermission denied'
g=0xe5  arg=V201   -> 'B\nPermission denied'
g=0xe6  arg=NIL    -> 'B\nPermission denied'
g=0xe6  arg=V8     -> 'B\nPermission denied'
g=0xe6  arg=V14    -> 'B\nPermission denied'
g=0xe6  arg=V201   -> 'B\nPermission denied'
g=0xe7  arg=NIL    -> 'B\nPermission denied'
g=0xe7  arg=V8     -> 'B\nPermission denied'
g=0xe7  arg=V14    -> 'B\nPermission denied'
g=0xe7  arg=V201   -> 'B\nPermission denied'
g=0xe8  arg=NIL    -> 'B\nPermission denied'
g=0xe8  arg=V8     -> 'B\nPermission denied'
g=0xe8  arg=V14    -> 'B\nPermission denied'
g=0xe8  arg=V201   -> 'B\nPermission denied'
g=0xe9  arg=NIL    -> 'B\nPermission denied'
g=0xe9  arg=V8     -> 'B\nPermission denied'
g=0xe9  arg=V14    -> 'B\nPermission denied'
g=0xe9  arg=V201   -> 'B\nPermission denied'
g=0xea  arg=NIL    -> 'B\nPermission denied'
g=0xea  arg=V8     -> 'B\nPermission denied'
g=0xea  arg=V14    -> 'B\nPermission denied'
g=0xea  arg=V201   -> 'B\nPermission denied'
g=0xeb  arg=NIL    -> 'B\nPermission denied'
g=0xeb  arg=V8     -> 'B\nPermission denied'
g=0xeb  arg=V14    -> 'B\nPermission denied'
g=0xeb  arg=V201   -> 'B\nPermission denied'
g=0xec  arg=NIL    -> 'B\nPermission denied'
g=0xec  arg=V8     -> 'B\nPermission denied'
g=0xec  arg=V14    -> 'B\nPermission denied'
g=0xec  arg=V201   -> 'B\nPermission denied'
g=0xed  arg=NIL    -> 'B\nPermission denied'
g=0xed  arg=V8     -> 'B\nPermission denied'
g=0xed  arg=V14    -> 'B\nPermission denied'
g=0xed  arg=V201   -> 'B\nPermission denied'
g=0xee  arg=NIL    -> 'B\nPermission denied'
g=0xee  arg=V8     -> 'B\nPermission denied'
g=0xee  arg=V14    -> 'B\nPermission denied'
g=0xee  arg=V201   -> 'B\nPermission denied'
g=0xef  arg=NIL    -> 'B\nPermission denied'
g=0xef  arg=V8     -> 'B\nPermission denied'
g=0xef  arg=V14    -> 'B\nPermission denied'
g=0xef  arg=V201   -> 'B\nPermission denied'
g=0xf0  arg=NIL    -> 'B\nPermission denied'
g=0xf0  arg=V8     -> 'B\nPermission denied'
g=0xf0  arg=V14    -> 'B\nPermission denied'
g=0xf0  arg=V201   -> 'B\nPermission denied'
g=0xf1  arg=NIL    -> 'B\nPermission denied'
g=0xf1  arg=V8     -> 'B\nPermission denied'
g=0xf1  arg=V14    -> 'B\nPermission denied'
g=0xf1  arg=V201   -> 'B\nPermission denied'
g=0xf2  arg=NIL    -> 'B\nPermission denied'
g=0xf2  arg=V8     -> 'B\nPermission denied'
g=0xf2  arg=V14    -> 'B\nPermission denied'
g=0xf2  arg=V201   -> 'B\nPermission denied'
g=0xf3  arg=NIL    -> 'B\nPermission denied'
g=0xf3  arg=V8     -> 'B\nPermission denied'
g=0xf3  arg=V14    -> 'B\nPermission denied'
g=0xf3  arg=V201   -> 'B\nPermission denied'
g=0xf4  arg=NIL    -> 'B\nPermission denied'
g=0xf4  arg=V8     -> 'B\nPermission denied'
g=0xf4  arg=V14    -> 'B\nPermission denied'
g=0xf4  arg=V201   -> 'B\nPermission denied'
g=0xf5  arg=NIL    -> 'B\nPermission denied'
g=0xf5  arg=V8     -> 'B\nPermission denied'
g=0xf5  arg=V14    -> 'B\nPermission denied'
g=0xf5  arg=V201   -> 'B\nPermission denied'
g=0xf6  arg=NIL    -> 'B\nPermission denied'
g=0xf6  arg=V8     -> 'B\nPermission denied'
g=0xf6  arg=V14    -> 'B\nPermission denied'
g=0xf6  arg=V201   -> 'B\nPermission denied'
g=0xf7  arg=NIL    -> 'B\nPermission denied'
g=0xf7  arg=V8     -> 'B\nPermission denied'
g=0xf7  arg=V14    -> 'B\nPermission denied'
g=0xf7  arg=V201   -> 'B\nPermission denied'
g=0xf8  arg=NIL    -> 'B\nPermission denied'
g=0xf8  arg=V8     -> 'B\nPermission denied'
g=0xf8  arg=V14    -> 'B\nPermission denied'
g=0xf8  arg=V201   -> 'B\nPermission denied'
g=0xf9  arg=NIL    -> 'B\nPermission denied'
g=0xf9  arg=V8     -> 'B\nPermission denied'
g=0xf9  arg=V14    -> 'B\nPermission denied'
g=0xf9  arg=V201   -> 'B\nPermission denied'
g=0xfa  arg=NIL    -> 'B\nPermission denied'
g=0xfa  arg=V8     -> 'B\nPermission denied'
g=0xfa  arg=V14    -> 'B\nPermission denied'
g=0xfa  arg=V201   -> 'B\nPermission denied'
g=0xfb  arg=NIL    -> 'B\nPermission denied'
g=0xfb  arg=V8     -> 'B\nPermission denied'
g=0xfb  arg=V14    -> 'B\nPermission denied'
g=0xfb  arg=V201   -> 'B\nPermission denied'
g=0xfc  arg=NIL    -> 'B\nPermission denied'
g=0xfc  arg=V8     -> 'B\nPermission denied'
g=0xfc  arg=V14    -> 'B\nPermission denied'
g=0xfc  arg=V201   -> 'B\nPermission denied'
